DEPRECATION WARNING: You didn't set `secret_key_base`. Read the upgrade documentation to learn more about this new config option. (called from service at /Users/apprentice/.rbenv/versions/2.0.0-p353/lib/ruby/2.0.0/webrick/httpserver.rb:138)
DEPRECATION WARNING: You didn't set `secret_key_base`. Read the upgrade documentation to learn more about this new config option. (called from service at /Users/apprentice/.rbenv/versions/2.0.0-p353/lib/ruby/2.0.0/webrick/httpserver.rb:138)
DEPRECATION WARNING: You didn't set `secret_key_base`. Read the upgrade documentation to learn more about this new config option. (called from service at /Users/apprentice/.rbenv/versions/2.0.0-p353/lib/ruby/2.0.0/webrick/httpserver.rb:138)
DEPRECATION WARNING: You didn't set `secret_key_base`. Read the upgrade documentation to learn more about this new config option. (called from service at /Users/apprentice/.rbenv/versions/2.0.0-p353/lib/ruby/2.0.0/webrick/httpserver.rb:138)
DEPRECATION WARNING: You didn't set `secret_key_base`. Read the upgrade documentation to learn more about this new config option. (called from service at /Users/apprentice/.rbenv/versions/2.0.0-p353/lib/ruby/2.0.0/webrick/httpserver.rb:138)
DEPRECATION WARNING: You didn't set `secret_key_base`. Read the upgrade documentation to learn more about this new config option. (called from service at /Users/apprentice/.rbenv/versions/2.0.0-p353/lib/ruby/2.0.0/webrick/httpserver.rb:138)
DEPRECATION WARNING: You didn't set `secret_key_base`. Read the upgrade documentation to learn more about this new config option. (called from service at /Users/apprentice/.rbenv/versions/2.0.0-p353/lib/ruby/2.0.0/webrick/httpserver.rb:138)
DEPRECATION WARNING: You didn't set `secret_key_base`. Read the upgrade documentation to learn more about this new config option. (called from service at /Users/apprentice/.rbenv/versions/2.0.0-p353/lib/ruby/2.0.0/webrick/httpserver.rb:138)
DEPRECATION WARNING: You didn't set `secret_key_base`. Read the upgrade documentation to learn more about this new config option. (called from service at /Users/apprentice/.rbenv/versions/2.0.0-p353/lib/ruby/2.0.0/webrick/httpserver.rb:138)
DEPRECATION WARNING: You didn't set `secret_key_base`. Read the upgrade documentation to learn more about this new config option. (called from service at /Users/apprentice/.rbenv/versions/2.0.0-p353/lib/ruby/2.0.0/webrick/httpserver.rb:138)
DEPRECATION WARNING: You didn't set `secret_key_base`. Read the upgrade documentation to learn more about this new config option. (called from service at /Users/apprentice/.rbenv/versions/2.0.0-p353/lib/ruby/2.0.0/webrick/httpserver.rb:138)
DEPRECATION WARNING: You didn't set `secret_key_base`. Read the upgrade documentation to learn more about this new config option. (called from service at /Users/apprentice/.rbenv/versions/2.2.3/lib/ruby/2.2.0/webrick/httpserver.rb:138)
DEPRECATION WARNING: You didn't set `secret_key_base`. Read the upgrade documentation to learn more about this new config option. (called from service at /Users/apprentice/.rbenv/versions/2.2.3/lib/ruby/2.2.0/webrick/httpserver.rb:138)
DEPRECATION WARNING: You didn't set `secret_key_base`. Read the upgrade documentation to learn more about this new config option. (called from service at /Users/apprentice/.rbenv/versions/2.2.3/lib/ruby/2.2.0/webrick/httpserver.rb:138)
DEPRECATION WARNING: You didn't set `secret_key_base`. Read the upgrade documentation to learn more about this new config option. (called from service at /Users/apprentice/.rbenv/versions/2.2.3/lib/ruby/2.2.0/webrick/httpserver.rb:138)
DEPRECATION WARNING: You didn't set `secret_key_base`. Read the upgrade documentation to learn more about this new config option. (called from service at /Users/apprentice/.rbenv/versions/2.2.3/lib/ruby/2.2.0/webrick/httpserver.rb:138)
DEPRECATION WARNING: You didn't set `secret_key_base`. Read the upgrade documentation to learn more about this new config option. (called from service at /Users/apprentice/.rbenv/versions/2.2.3/lib/ruby/2.2.0/webrick/httpserver.rb:138)


Started GET "/" for ::1 at 2015-10-14 16:03:41 +1300
Processing by SiteController#index as HTML
  Rendered site/index.html.erb within layouts/application (1.3ms)
Completed 200 OK in 393ms (Views: 392.5ms)


Started GET "/assets/application.self-a1a5e6adcccf7e6cf670a3e7995c58af0e48ce9798d67ec2c1a9447933f565df.css?body=1" for ::1 at 2015-10-14 16:03:41 +1300


Started GET "/assets/jquery_ujs.self-d456baa54c1fa6be2ec3711f0a72ddf7a5b2f34a6b4f515f33767d6207b7d4b3.js?body=1" for ::1 at 2015-10-14 16:03:41 +1300


Started GET "/assets/application.self-377610cd7c1509e934744c810e3b4cf672dfbcacac3274e7d039827e2ae0fcc7.js?body=1" for ::1 at 2015-10-14 16:03:42 +1300


Started GET "/assets/jquery.self-a714331225dda820228db323939889f149aec0127aeb06255646b616ba1ca419.js?body=1" for ::1 at 2015-10-14 16:03:42 +1300


Started GET "/about" for ::1 at 2015-10-14 16:08:58 +1300

AbstractController::ActionNotFound (The action 'about' could not be found for SiteController):
  actionpack (4.2.3) lib/abstract_controller/base.rb:132:in `process'
  actionview (4.2.3) lib/action_view/rendering.rb:30:in `process'
  actionpack (4.2.3) lib/action_controller/metal.rb:196:in `dispatch'
  actionpack (4.2.3) lib/action_controller/metal/rack_delegation.rb:13:in `dispatch'
  actionpack (4.2.3) lib/action_controller/metal.rb:237:in `block in action'
  actionpack (4.2.3) lib/action_dispatch/routing/route_set.rb:76:in `call'
  actionpack (4.2.3) lib/action_dispatch/routing/route_set.rb:76:in `dispatch'
  actionpack (4.2.3) lib/action_dispatch/routing/route_set.rb:45:in `serve'
  actionpack (4.2.3) lib/action_dispatch/journey/router.rb:43:in `block in serve'
  actionpack (4.2.3) lib/action_dispatch/journey/router.rb:30:in `each'
  actionpack (4.2.3) lib/action_dispatch/journey/router.rb:30:in `serve'
  actionpack (4.2.3) lib/action_dispatch/routing/route_set.rb:821:in `call'
  rack (1.6.4) lib/rack/etag.rb:24:in `call'
  rack (1.6.4) lib/rack/conditionalget.rb:25:in `call'
  rack (1.6.4) lib/rack/head.rb:13:in `call'
  actionpack (4.2.3) lib/action_dispatch/middleware/params_parser.rb:27:in `call'
  actionpack (4.2.3) lib/action_dispatch/middleware/flash.rb:260:in `call'
  rack (1.6.4) lib/rack/session/abstract/id.rb:225:in `context'
  rack (1.6.4) lib/rack/session/abstract/id.rb:220:in `call'
  actionpack (4.2.3) lib/action_dispatch/middleware/cookies.rb:560:in `call'
  actionpack (4.2.3) lib/action_dispatch/middleware/callbacks.rb:29:in `block in call'
  activesupport (4.2.3) lib/active_support/callbacks.rb:84:in `run_callbacks'
  actionpack (4.2.3) lib/action_dispatch/middleware/callbacks.rb:27:in `call'
  actionpack (4.2.3) lib/action_dispatch/middleware/reloader.rb:73:in `call'
  actionpack (4.2.3) lib/action_dispatch/middleware/remote_ip.rb:78:in `call'
  actionpack (4.2.3) lib/action_dispatch/middleware/debug_exceptions.rb:17:in `call'
  web-console (2.2.1) lib/web_console/middleware.rb:39:in `call'
  actionpack (4.2.3) lib/action_dispatch/middleware/show_exceptions.rb:30:in `call'
  railties (4.2.3) lib/rails/rack/logger.rb:38:in `call_app'
  railties (4.2.3) lib/rails/rack/logger.rb:20:in `block in call'
  activesupport (4.2.3) lib/active_support/tagged_logging.rb:68:in `block in tagged'
  activesupport (4.2.3) lib/active_support/tagged_logging.rb:26:in `tagged'
  activesupport (4.2.3) lib/active_support/tagged_logging.rb:68:in `tagged'
  railties (4.2.3) lib/rails/rack/logger.rb:20:in `call'
  actionpack (4.2.3) lib/action_dispatch/middleware/request_id.rb:21:in `call'
  rack (1.6.4) lib/rack/methodoverride.rb:22:in `call'
  rack (1.6.4) lib/rack/runtime.rb:18:in `call'
  activesupport (4.2.3) lib/active_support/cache/strategy/local_cache_middleware.rb:28:in `call'
  rack (1.6.4) lib/rack/lock.rb:17:in `call'
  actionpack (4.2.3) lib/action_dispatch/middleware/static.rb:116:in `call'
  rack (1.6.4) lib/rack/sendfile.rb:113:in `call'
  railties (4.2.3) lib/rails/engine.rb:518:in `call'
  railties (4.2.3) lib/rails/application.rb:165:in `call'
  rack (1.6.4) lib/rack/lock.rb:17:in `call'
  rack (1.6.4) lib/rack/content_length.rb:15:in `call'
  rack (1.6.4) lib/rack/handler/webrick.rb:88:in `service'
  /Users/apprentice/.rbenv/versions/2.2.3/lib/ruby/2.2.0/webrick/httpserver.rb:138:in `service'
  /Users/apprentice/.rbenv/versions/2.2.3/lib/ruby/2.2.0/webrick/httpserver.rb:94:in `run'
  /Users/apprentice/.rbenv/versions/2.2.3/lib/ruby/2.2.0/webrick/server.rb:294:in `block in start_thread'


  Rendered /Users/apprentice/.rbenv/versions/2.2.3/lib/ruby/gems/2.2.0/gems/actionpack-4.2.3/lib/action_dispatch/middleware/templates/rescues/unknown_action.html.erb within rescues/layout (0.4ms)
  Rendered /Users/apprentice/.rbenv/versions/2.2.3/lib/ruby/gems/2.2.0/gems/web-console-2.2.1/lib/web_console/templates/_markup.html.erb (0.4ms)
  Rendered /Users/apprentice/.rbenv/versions/2.2.3/lib/ruby/gems/2.2.0/gems/web-console-2.2.1/lib/web_console/templates/_inner_console_markup.html.erb within layouts/inlined_string (0.7ms)
  Rendered /Users/apprentice/.rbenv/versions/2.2.3/lib/ruby/gems/2.2.0/gems/web-console-2.2.1/lib/web_console/templates/_prompt_box_markup.html.erb within layouts/inlined_string (0.3ms)
  Rendered /Users/apprentice/.rbenv/versions/2.2.3/lib/ruby/gems/2.2.0/gems/web-console-2.2.1/lib/web_console/templates/style.css.erb within layouts/inlined_string (0.6ms)
  Rendered /Users/apprentice/.rbenv/versions/2.2.3/lib/ruby/gems/2.2.0/gems/web-console-2.2.1/lib/web_console/templates/console.js.erb within layouts/javascript (51.5ms)
  Rendered /Users/apprentice/.rbenv/versions/2.2.3/lib/ruby/gems/2.2.0/gems/web-console-2.2.1/lib/web_console/templates/main.js.erb within layouts/javascript (0.5ms)
  Rendered /Users/apprentice/.rbenv/versions/2.2.3/lib/ruby/gems/2.2.0/gems/web-console-2.2.1/lib/web_console/templates/error_page.js.erb within layouts/javascript (0.6ms)
  Rendered /Users/apprentice/.rbenv/versions/2.2.3/lib/ruby/gems/2.2.0/gems/web-console-2.2.1/lib/web_console/templates/index.html.erb (118.0ms)


Started GET "/about" for ::1 at 2015-10-14 16:09:32 +1300
Processing by SiteController#about as HTML
Completed 500 Internal Server Error in 3ms

ActionView::MissingTemplate (Missing template site/about, application/about with {:locale=>[:en], :formats=>[:html], :variants=>[], :handlers=>[:erb, :builder, :raw, :ruby, :jbuilder]}. Searched in:
  * "/Users/apprentice/Documents/michael/going-through-rails/app/views"
):
  actionview (4.2.3) lib/action_view/path_set.rb:46:in `find'
  actionview (4.2.3) lib/action_view/lookup_context.rb:121:in `find'
  actionview (4.2.3) lib/action_view/renderer/abstract_renderer.rb:18:in `find_template'
  actionview (4.2.3) lib/action_view/renderer/template_renderer.rb:40:in `determine_template'
  actionview (4.2.3) lib/action_view/renderer/template_renderer.rb:8:in `render'
  actionview (4.2.3) lib/action_view/renderer/renderer.rb:42:in `render_template'
  actionview (4.2.3) lib/action_view/renderer/renderer.rb:23:in `render'
  actionview (4.2.3) lib/action_view/rendering.rb:100:in `_render_template'
  actionpack (4.2.3) lib/action_controller/metal/streaming.rb:217:in `_render_template'
  actionview (4.2.3) lib/action_view/rendering.rb:83:in `render_to_body'
  actionpack (4.2.3) lib/action_controller/metal/rendering.rb:32:in `render_to_body'
  actionpack (4.2.3) lib/action_controller/metal/renderers.rb:37:in `render_to_body'
  actionpack (4.2.3) lib/abstract_controller/rendering.rb:25:in `render'
  actionpack (4.2.3) lib/action_controller/metal/rendering.rb:16:in `render'
  actionpack (4.2.3) lib/action_controller/metal/instrumentation.rb:44:in `block (2 levels) in render'
  activesupport (4.2.3) lib/active_support/core_ext/benchmark.rb:12:in `block in ms'
  /Users/apprentice/.rbenv/versions/2.2.3/lib/ruby/2.2.0/benchmark.rb:303:in `realtime'
  activesupport (4.2.3) lib/active_support/core_ext/benchmark.rb:12:in `ms'
  actionpack (4.2.3) lib/action_controller/metal/instrumentation.rb:44:in `block in render'
  actionpack (4.2.3) lib/action_controller/metal/instrumentation.rb:87:in `cleanup_view_runtime'
  actionpack (4.2.3) lib/action_controller/metal/instrumentation.rb:43:in `render'
  actionpack (4.2.3) lib/action_controller/metal/implicit_render.rb:10:in `default_render'
  actionpack (4.2.3) lib/action_controller/metal/implicit_render.rb:5:in `send_action'
  actionpack (4.2.3) lib/abstract_controller/base.rb:198:in `process_action'
  actionpack (4.2.3) lib/action_controller/metal/rendering.rb:10:in `process_action'
  actionpack (4.2.3) lib/abstract_controller/callbacks.rb:20:in `block in process_action'
  activesupport (4.2.3) lib/active_support/callbacks.rb:115:in `call'
  activesupport (4.2.3) lib/active_support/callbacks.rb:115:in `call'
  activesupport (4.2.3) lib/active_support/callbacks.rb:553:in `block (2 levels) in compile'
  activesupport (4.2.3) lib/active_support/callbacks.rb:503:in `call'
  activesupport (4.2.3) lib/active_support/callbacks.rb:503:in `call'
  activesupport (4.2.3) lib/active_support/callbacks.rb:88:in `run_callbacks'
  actionpack (4.2.3) lib/abstract_controller/callbacks.rb:19:in `process_action'
  actionpack (4.2.3) lib/action_controller/metal/rescue.rb:29:in `process_action'
  actionpack (4.2.3) lib/action_controller/metal/instrumentation.rb:32:in `block in process_action'
  activesupport (4.2.3) lib/active_support/notifications.rb:164:in `block in instrument'
  activesupport (4.2.3) lib/active_support/notifications/instrumenter.rb:20:in `instrument'
  activesupport (4.2.3) lib/active_support/notifications.rb:164:in `instrument'
  actionpack (4.2.3) lib/action_controller/metal/instrumentation.rb:30:in `process_action'
  actionpack (4.2.3) lib/action_controller/metal/params_wrapper.rb:250:in `process_action'
  actionpack (4.2.3) lib/abstract_controller/base.rb:137:in `process'
  actionview (4.2.3) lib/action_view/rendering.rb:30:in `process'
  actionpack (4.2.3) lib/action_controller/metal.rb:196:in `dispatch'
  actionpack (4.2.3) lib/action_controller/metal/rack_delegation.rb:13:in `dispatch'
  actionpack (4.2.3) lib/action_controller/metal.rb:237:in `block in action'
  actionpack (4.2.3) lib/action_dispatch/routing/route_set.rb:76:in `call'
  actionpack (4.2.3) lib/action_dispatch/routing/route_set.rb:76:in `dispatch'
  actionpack (4.2.3) lib/action_dispatch/routing/route_set.rb:45:in `serve'
  actionpack (4.2.3) lib/action_dispatch/journey/router.rb:43:in `block in serve'
  actionpack (4.2.3) lib/action_dispatch/journey/router.rb:30:in `each'
  actionpack (4.2.3) lib/action_dispatch/journey/router.rb:30:in `serve'
  actionpack (4.2.3) lib/action_dispatch/routing/route_set.rb:821:in `call'
  rack (1.6.4) lib/rack/etag.rb:24:in `call'
  rack (1.6.4) lib/rack/conditionalget.rb:25:in `call'
  rack (1.6.4) lib/rack/head.rb:13:in `call'
  actionpack (4.2.3) lib/action_dispatch/middleware/params_parser.rb:27:in `call'
  actionpack (4.2.3) lib/action_dispatch/middleware/flash.rb:260:in `call'
  rack (1.6.4) lib/rack/session/abstract/id.rb:225:in `context'
  rack (1.6.4) lib/rack/session/abstract/id.rb:220:in `call'
  actionpack (4.2.3) lib/action_dispatch/middleware/cookies.rb:560:in `call'
  actionpack (4.2.3) lib/action_dispatch/middleware/callbacks.rb:29:in `block in call'
  activesupport (4.2.3) lib/active_support/callbacks.rb:84:in `run_callbacks'
  actionpack (4.2.3) lib/action_dispatch/middleware/callbacks.rb:27:in `call'
  actionpack (4.2.3) lib/action_dispatch/middleware/reloader.rb:73:in `call'
  actionpack (4.2.3) lib/action_dispatch/middleware/remote_ip.rb:78:in `call'
  actionpack (4.2.3) lib/action_dispatch/middleware/debug_exceptions.rb:17:in `call'
  web-console (2.2.1) lib/web_console/middleware.rb:39:in `call'
  actionpack (4.2.3) lib/action_dispatch/middleware/show_exceptions.rb:30:in `call'
  railties (4.2.3) lib/rails/rack/logger.rb:38:in `call_app'
  railties (4.2.3) lib/rails/rack/logger.rb:20:in `block in call'
  activesupport (4.2.3) lib/active_support/tagged_logging.rb:68:in `block in tagged'
  activesupport (4.2.3) lib/active_support/tagged_logging.rb:26:in `tagged'
  activesupport (4.2.3) lib/active_support/tagged_logging.rb:68:in `tagged'
  railties (4.2.3) lib/rails/rack/logger.rb:20:in `call'
  actionpack (4.2.3) lib/action_dispatch/middleware/request_id.rb:21:in `call'
  rack (1.6.4) lib/rack/methodoverride.rb:22:in `call'
  rack (1.6.4) lib/rack/runtime.rb:18:in `call'
  activesupport (4.2.3) lib/active_support/cache/strategy/local_cache_middleware.rb:28:in `call'
  rack (1.6.4) lib/rack/lock.rb:17:in `call'
  actionpack (4.2.3) lib/action_dispatch/middleware/static.rb:116:in `call'
  rack (1.6.4) lib/rack/sendfile.rb:113:in `call'
  railties (4.2.3) lib/rails/engine.rb:518:in `call'
  railties (4.2.3) lib/rails/application.rb:165:in `call'
  rack (1.6.4) lib/rack/lock.rb:17:in `call'
  rack (1.6.4) lib/rack/content_length.rb:15:in `call'
  rack (1.6.4) lib/rack/handler/webrick.rb:88:in `service'
  /Users/apprentice/.rbenv/versions/2.2.3/lib/ruby/2.2.0/webrick/httpserver.rb:138:in `service'
  /Users/apprentice/.rbenv/versions/2.2.3/lib/ruby/2.2.0/webrick/httpserver.rb:94:in `run'
  /Users/apprentice/.rbenv/versions/2.2.3/lib/ruby/2.2.0/webrick/server.rb:294:in `block in start_thread'


  Rendered /Users/apprentice/.rbenv/versions/2.2.3/lib/ruby/gems/2.2.0/gems/actionpack-4.2.3/lib/action_dispatch/middleware/templates/rescues/_source.erb (5.0ms)
  Rendered /Users/apprentice/.rbenv/versions/2.2.3/lib/ruby/gems/2.2.0/gems/actionpack-4.2.3/lib/action_dispatch/middleware/templates/rescues/_trace.html.erb (2.1ms)
  Rendered /Users/apprentice/.rbenv/versions/2.2.3/lib/ruby/gems/2.2.0/gems/actionpack-4.2.3/lib/action_dispatch/middleware/templates/rescues/_request_and_response.html.erb (1.1ms)
  Rendered /Users/apprentice/.rbenv/versions/2.2.3/lib/ruby/gems/2.2.0/gems/actionpack-4.2.3/lib/action_dispatch/middleware/templates/rescues/missing_template.html.erb within rescues/layout (58.2ms)
  Rendered /Users/apprentice/.rbenv/versions/2.2.3/lib/ruby/gems/2.2.0/gems/web-console-2.2.1/lib/web_console/templates/_markup.html.erb (0.3ms)
  Rendered /Users/apprentice/.rbenv/versions/2.2.3/lib/ruby/gems/2.2.0/gems/web-console-2.2.1/lib/web_console/templates/_inner_console_markup.html.erb within layouts/inlined_string (0.3ms)
  Rendered /Users/apprentice/.rbenv/versions/2.2.3/lib/ruby/gems/2.2.0/gems/web-console-2.2.1/lib/web_console/templates/_prompt_box_markup.html.erb within layouts/inlined_string (0.5ms)
  Rendered /Users/apprentice/.rbenv/versions/2.2.3/lib/ruby/gems/2.2.0/gems/web-console-2.2.1/lib/web_console/templates/style.css.erb within layouts/inlined_string (0.3ms)
  Rendered /Users/apprentice/.rbenv/versions/2.2.3/lib/ruby/gems/2.2.0/gems/web-console-2.2.1/lib/web_console/templates/console.js.erb within layouts/javascript (47.5ms)
  Rendered /Users/apprentice/.rbenv/versions/2.2.3/lib/ruby/gems/2.2.0/gems/web-console-2.2.1/lib/web_console/templates/main.js.erb within layouts/javascript (0.3ms)
  Rendered /Users/apprentice/.rbenv/versions/2.2.3/lib/ruby/gems/2.2.0/gems/web-console-2.2.1/lib/web_console/templates/error_page.js.erb within layouts/javascript (0.4ms)
  Rendered /Users/apprentice/.rbenv/versions/2.2.3/lib/ruby/gems/2.2.0/gems/web-console-2.2.1/lib/web_console/templates/index.html.erb (105.4ms)


Started GET "/about" for ::1 at 2015-10-14 16:13:20 +1300
Processing by SiteController#about as HTML
  Rendered site/about.html.erb within layouts/application (0.5ms)
Completed 200 OK in 18ms (Views: 17.7ms)


Started GET "/assets/application.self-a1a5e6adcccf7e6cf670a3e7995c58af0e48ce9798d67ec2c1a9447933f565df.css?body=1" for ::1 at 2015-10-14 16:13:20 +1300


Started GET "/assets/jquery.self-a714331225dda820228db323939889f149aec0127aeb06255646b616ba1ca419.js?body=1" for ::1 at 2015-10-14 16:13:20 +1300


Started GET "/assets/jquery_ujs.self-d456baa54c1fa6be2ec3711f0a72ddf7a5b2f34a6b4f515f33767d6207b7d4b3.js?body=1" for ::1 at 2015-10-14 16:13:20 +1300


Started GET "/assets/application.self-377610cd7c1509e934744c810e3b4cf672dfbcacac3274e7d039827e2ae0fcc7.js?body=1" for ::1 at 2015-10-14 16:13:20 +1300


Started GET "/about" for ::1 at 2015-10-14 16:22:47 +1300
Processing by SiteController#about as HTML
  Rendered site/about.html.erb within layouts/application (0.0ms)
Completed 200 OK in 20ms (Views: 20.2ms)


Started GET "/assets/application.self-a1a5e6adcccf7e6cf670a3e7995c58af0e48ce9798d67ec2c1a9447933f565df.css?body=1" for ::1 at 2015-10-14 16:22:47 +1300


Started GET "/assets/jquery.self-a714331225dda820228db323939889f149aec0127aeb06255646b616ba1ca419.js?body=1" for ::1 at 2015-10-14 16:22:47 +1300


Started GET "/assets/application.self-377610cd7c1509e934744c810e3b4cf672dfbcacac3274e7d039827e2ae0fcc7.js?body=1" for ::1 at 2015-10-14 16:22:47 +1300


Started GET "/assets/jquery_ujs.self-d456baa54c1fa6be2ec3711f0a72ddf7a5b2f34a6b4f515f33767d6207b7d4b3.js?body=1" for ::1 at 2015-10-14 16:22:47 +1300


Started GET "/about" for ::1 at 2015-10-14 16:22:52 +1300
Processing by SiteController#about as HTML
  Rendered site/about.html.erb within layouts/application (0.0ms)
Completed 200 OK in 18ms (Views: 17.9ms)


Started GET "/assets/application.self-a1a5e6adcccf7e6cf670a3e7995c58af0e48ce9798d67ec2c1a9447933f565df.css?body=1" for ::1 at 2015-10-14 16:22:52 +1300


Started GET "/assets/jquery_ujs.self-d456baa54c1fa6be2ec3711f0a72ddf7a5b2f34a6b4f515f33767d6207b7d4b3.js?body=1" for ::1 at 2015-10-14 16:22:52 +1300


Started GET "/assets/jquery.self-a714331225dda820228db323939889f149aec0127aeb06255646b616ba1ca419.js?body=1" for ::1 at 2015-10-14 16:22:52 +1300


Started GET "/assets/application.self-377610cd7c1509e934744c810e3b4cf672dfbcacac3274e7d039827e2ae0fcc7.js?body=1" for ::1 at 2015-10-14 16:22:52 +1300


Started GET "/" for ::1 at 2015-10-14 16:22:52 +1300
Processing by SiteController#index as HTML
  Rendered site/index.html.erb within layouts/application (0.1ms)
Completed 200 OK in 18ms (Views: 17.7ms)


Started GET "/about" for ::1 at 2015-10-14 16:22:55 +1300
Processing by SiteController#about as HTML
  Rendered site/about.html.erb within layouts/application (0.0ms)
Completed 200 OK in 17ms (Views: 17.2ms)


Started GET "/" for ::1 at 2015-10-14 16:22:56 +1300
Processing by SiteController#index as HTML
  Rendered site/index.html.erb within layouts/application (0.1ms)
Completed 200 OK in 19ms (Views: 19.3ms)


Started GET "/about" for ::1 at 2015-10-14 16:22:56 +1300
Processing by SiteController#about as HTML
  Rendered site/about.html.erb within layouts/application (0.0ms)
Completed 200 OK in 19ms (Views: 18.8ms)


Started GET "/" for ::1 at 2015-10-14 16:22:57 +1300
Processing by SiteController#index as HTML
  Rendered site/index.html.erb within layouts/application (0.0ms)
Completed 200 OK in 18ms (Views: 17.9ms)


Started GET "/about" for ::1 at 2015-10-14 16:22:57 +1300
Processing by SiteController#about as HTML
  Rendered site/about.html.erb within layouts/application (0.0ms)
Completed 200 OK in 26ms (Views: 26.0ms)


Started GET "/" for ::1 at 2015-10-14 16:22:58 +1300
Processing by SiteController#index as HTML
  Rendered site/index.html.erb within layouts/application (0.1ms)
Completed 200 OK in 19ms (Views: 19.2ms)


Started GET "/about" for ::1 at 2015-10-14 16:22:59 +1300
Processing by SiteController#about as HTML
  Rendered site/about.html.erb within layouts/application (0.0ms)
Completed 200 OK in 20ms (Views: 19.4ms)


Started GET "/" for ::1 at 2015-10-14 16:23:00 +1300
Processing by SiteController#index as HTML
  Rendered site/index.html.erb within layouts/application (0.0ms)
Completed 200 OK in 20ms (Views: 19.7ms)


Started GET "/about" for ::1 at 2015-10-14 16:23:01 +1300
Processing by SiteController#about as HTML
  Rendered site/about.html.erb within layouts/application (0.0ms)
Completed 200 OK in 18ms (Views: 17.8ms)


Started GET "/" for ::1 at 2015-10-14 16:23:01 +1300
Processing by SiteController#index as HTML
  Rendered site/index.html.erb within layouts/application (0.0ms)
Completed 200 OK in 19ms (Views: 18.6ms)


Started GET "/" for ::1 at 2015-10-14 16:23:14 +1300
Processing by SiteController#index as HTML
  Rendered site/index.html.erb within layouts/application (0.1ms)
Completed 200 OK in 32ms (Views: 31.6ms)


Started GET "/assets/application.self-a1a5e6adcccf7e6cf670a3e7995c58af0e48ce9798d67ec2c1a9447933f565df.css?body=1" for ::1 at 2015-10-14 16:23:15 +1300


Started GET "/assets/jquery.self-a714331225dda820228db323939889f149aec0127aeb06255646b616ba1ca419.js?body=1" for ::1 at 2015-10-14 16:23:15 +1300


Started GET "/assets/application.self-377610cd7c1509e934744c810e3b4cf672dfbcacac3274e7d039827e2ae0fcc7.js?body=1" for ::1 at 2015-10-14 16:23:15 +1300


Started GET "/assets/jquery_ujs.self-d456baa54c1fa6be2ec3711f0a72ddf7a5b2f34a6b4f515f33767d6207b7d4b3.js?body=1" for ::1 at 2015-10-14 16:23:15 +1300


Started GET "/" for ::1 at 2015-10-14 16:24:00 +1300
Processing by SiteController#index as HTML
  Rendered site/index.html.erb within layouts/application (0.1ms)
Completed 200 OK in 20ms (Views: 19.4ms)


Started GET "/assets/application.self-a1a5e6adcccf7e6cf670a3e7995c58af0e48ce9798d67ec2c1a9447933f565df.css?body=1" for ::1 at 2015-10-14 16:24:00 +1300


Started GET "/assets/application.self-377610cd7c1509e934744c810e3b4cf672dfbcacac3274e7d039827e2ae0fcc7.js?body=1" for ::1 at 2015-10-14 16:24:00 +1300


Started GET "/assets/jquery.self-a714331225dda820228db323939889f149aec0127aeb06255646b616ba1ca419.js?body=1" for ::1 at 2015-10-14 16:24:00 +1300


Started GET "/assets/jquery_ujs.self-d456baa54c1fa6be2ec3711f0a72ddf7a5b2f34a6b4f515f33767d6207b7d4b3.js?body=1" for ::1 at 2015-10-14 16:24:00 +1300


Started GET "/about" for ::1 at 2015-10-14 16:24:02 +1300
Processing by SiteController#about as HTML
  Rendered site/about.html.erb within layouts/application (0.1ms)
Completed 200 OK in 17ms (Views: 16.6ms)


Started GET "/" for ::1 at 2015-10-14 16:24:03 +1300
Processing by SiteController#index as HTML
  Rendered site/index.html.erb within layouts/application (0.0ms)
Completed 200 OK in 16ms (Views: 16.0ms)


Started GET "/about" for ::1 at 2015-10-14 16:24:04 +1300
Processing by SiteController#about as HTML
  Rendered site/about.html.erb within layouts/application (0.0ms)
Completed 200 OK in 16ms (Views: 15.8ms)


Started GET "/" for ::1 at 2015-10-14 16:24:04 +1300
Processing by SiteController#index as HTML
  Rendered site/index.html.erb within layouts/application (0.1ms)
Completed 200 OK in 18ms (Views: 18.2ms)


Started GET "/about" for ::1 at 2015-10-14 16:24:05 +1300
Processing by SiteController#about as HTML
  Rendered site/about.html.erb within layouts/application (0.0ms)
Completed 200 OK in 15ms (Views: 15.3ms)


Started GET "/" for ::1 at 2015-10-14 16:24:06 +1300
Processing by SiteController#index as HTML
  Rendered site/index.html.erb within layouts/application (0.0ms)
Completed 200 OK in 17ms (Views: 17.2ms)


Started GET "/about" for ::1 at 2015-10-14 16:24:06 +1300
Processing by SiteController#about as HTML
  Rendered site/about.html.erb within layouts/application (0.0ms)
Completed 200 OK in 24ms (Views: 24.4ms)


Started GET "/" for ::1 at 2015-10-14 16:24:07 +1300
Processing by SiteController#index as HTML
  Rendered site/index.html.erb within layouts/application (0.1ms)
Completed 200 OK in 22ms (Views: 21.8ms)


Started GET "/about" for ::1 at 2015-10-14 16:24:08 +1300
Processing by SiteController#about as HTML
  Rendered site/about.html.erb within layouts/application (0.0ms)
Completed 200 OK in 20ms (Views: 19.5ms)


Started GET "/" for ::1 at 2015-10-14 16:24:09 +1300
Processing by SiteController#index as HTML
  Rendered site/index.html.erb within layouts/application (0.0ms)
Completed 200 OK in 20ms (Views: 19.7ms)


Started GET "/about" for ::1 at 2015-10-14 16:24:09 +1300
Processing by SiteController#about as HTML
  Rendered site/about.html.erb within layouts/application (0.0ms)
Completed 200 OK in 18ms (Views: 18.2ms)


Started GET "/" for ::1 at 2015-10-14 16:24:10 +1300
Processing by SiteController#index as HTML
  Rendered site/index.html.erb within layouts/application (0.0ms)
Completed 200 OK in 18ms (Views: 17.6ms)


Started GET "/" for ::1 at 2015-10-14 16:25:19 +1300
Processing by SiteController#index as HTML
  Rendered site/index.html.erb within layouts/application (0.0ms)
Completed 200 OK in 19ms (Views: 19.3ms)


Started GET "/assets/application.self-a1a5e6adcccf7e6cf670a3e7995c58af0e48ce9798d67ec2c1a9447933f565df.css?body=1" for ::1 at 2015-10-14 16:25:19 +1300


Started GET "/assets/application.self-377610cd7c1509e934744c810e3b4cf672dfbcacac3274e7d039827e2ae0fcc7.js?body=1" for ::1 at 2015-10-14 16:25:19 +1300


Started GET "/assets/jquery_ujs.self-d456baa54c1fa6be2ec3711f0a72ddf7a5b2f34a6b4f515f33767d6207b7d4b3.js?body=1" for ::1 at 2015-10-14 16:25:19 +1300


Started GET "/assets/jquery.self-a714331225dda820228db323939889f149aec0127aeb06255646b616ba1ca419.js?body=1" for ::1 at 2015-10-14 16:25:19 +1300


Started GET "/" for ::1 at 2015-10-14 16:25:23 +1300
Processing by SiteController#index as HTML
  Rendered site/index.html.erb within layouts/application (0.0ms)
Completed 200 OK in 19ms (Views: 18.6ms)


Started GET "/" for ::1 at 2015-10-14 16:25:25 +1300
Processing by SiteController#index as HTML
  Rendered site/index.html.erb within layouts/application (0.1ms)
Completed 200 OK in 22ms (Views: 21.5ms)


Started GET "/" for ::1 at 2015-10-14 16:25:28 +1300
Processing by SiteController#index as HTML
  Rendered site/index.html.erb within layouts/application (0.1ms)
Completed 200 OK in 27ms (Views: 26.6ms)


Started GET "/about" for ::1 at 2015-10-14 16:25:34 +1300
Processing by SiteController#about as HTML
  Rendered site/about.html.erb within layouts/application (0.1ms)
Completed 200 OK in 19ms (Views: 18.6ms)


Started GET "/" for ::1 at 2015-10-14 16:25:35 +1300
Processing by SiteController#index as HTML
  Rendered site/index.html.erb within layouts/application (0.1ms)
Completed 200 OK in 16ms (Views: 15.7ms)


Started GET "/" for ::1 at 2015-10-14 16:26:32 +1300
Processing by SiteController#index as HTML
  Rendered site/index.html.erb within layouts/application (0.0ms)
Completed 200 OK in 18ms (Views: 17.5ms)


Started GET "/assets/application.self-a1a5e6adcccf7e6cf670a3e7995c58af0e48ce9798d67ec2c1a9447933f565df.css?body=1" for ::1 at 2015-10-14 16:26:32 +1300


Started GET "/assets/application.self-377610cd7c1509e934744c810e3b4cf672dfbcacac3274e7d039827e2ae0fcc7.js?body=1" for ::1 at 2015-10-14 16:26:32 +1300


Started GET "/assets/jquery_ujs.self-d456baa54c1fa6be2ec3711f0a72ddf7a5b2f34a6b4f515f33767d6207b7d4b3.js?body=1" for ::1 at 2015-10-14 16:26:32 +1300


Started GET "/assets/jquery.self-a714331225dda820228db323939889f149aec0127aeb06255646b616ba1ca419.js?body=1" for ::1 at 2015-10-14 16:26:32 +1300


Started GET "/" for ::1 at 2015-10-14 16:26:34 +1300
Processing by SiteController#index as HTML
  Rendered site/index.html.erb within layouts/application (0.0ms)
Completed 200 OK in 21ms (Views: 21.3ms)


Started GET "/" for ::1 at 2015-10-14 16:26:35 +1300
Processing by SiteController#index as HTML
  Rendered site/index.html.erb within layouts/application (0.0ms)
Completed 200 OK in 19ms (Views: 18.6ms)


Started GET "/" for ::1 at 2015-10-14 16:26:36 +1300
Processing by SiteController#index as HTML
  Rendered site/index.html.erb within layouts/application (0.0ms)
Completed 200 OK in 21ms (Views: 21.3ms)


Started GET "/" for ::1 at 2015-10-14 16:26:36 +1300
Processing by SiteController#index as HTML
  Rendered site/index.html.erb within layouts/application (0.0ms)
Completed 200 OK in 21ms (Views: 20.5ms)


Started GET "/" for ::1 at 2015-10-14 16:26:37 +1300
Processing by SiteController#index as HTML
  Rendered site/index.html.erb within layouts/application (0.0ms)
Completed 200 OK in 19ms (Views: 18.5ms)


Started GET "/" for ::1 at 2015-10-14 16:26:37 +1300
Processing by SiteController#index as HTML
  Rendered site/index.html.erb within layouts/application (0.0ms)
Completed 200 OK in 18ms (Views: 18.1ms)


Started GET "/" for ::1 at 2015-10-14 16:26:38 +1300
Processing by SiteController#index as HTML
  Rendered site/index.html.erb within layouts/application (0.0ms)
Completed 200 OK in 20ms (Views: 20.2ms)


Started GET "/about" for ::1 at 2015-10-14 16:26:45 +1300
Processing by SiteController#about as HTML
  Rendered site/about.html.erb within layouts/application (0.0ms)
Completed 200 OK in 21ms (Views: 21.2ms)


Started GET "/" for ::1 at 2015-10-14 16:26:47 +1300
Processing by SiteController#index as HTML
  Rendered site/index.html.erb within layouts/application (0.0ms)
Completed 200 OK in 18ms (Views: 18.3ms)


Started GET "/" for ::1 at 2015-10-14 16:26:48 +1300
Processing by SiteController#index as HTML
  Rendered site/index.html.erb within layouts/application (0.1ms)
Completed 200 OK in 18ms (Views: 17.9ms)


Started GET "/" for ::1 at 2015-10-14 16:27:19 +1300
Processing by SiteController#index as HTML
  Rendered site/index.html.erb within layouts/application (0.1ms)
Completed 200 OK in 19ms (Views: 18.9ms)


Started GET "/assets/application.self-a1a5e6adcccf7e6cf670a3e7995c58af0e48ce9798d67ec2c1a9447933f565df.css?body=1" for ::1 at 2015-10-14 16:27:19 +1300


Started GET "/assets/jquery.self-a714331225dda820228db323939889f149aec0127aeb06255646b616ba1ca419.js?body=1" for ::1 at 2015-10-14 16:27:19 +1300


Started GET "/assets/jquery_ujs.self-d456baa54c1fa6be2ec3711f0a72ddf7a5b2f34a6b4f515f33767d6207b7d4b3.js?body=1" for ::1 at 2015-10-14 16:27:19 +1300


Started GET "/assets/application.self-377610cd7c1509e934744c810e3b4cf672dfbcacac3274e7d039827e2ae0fcc7.js?body=1" for ::1 at 2015-10-14 16:27:19 +1300


Started GET "/about" for ::1 at 2015-10-14 16:27:21 +1300
Processing by SiteController#about as HTML
  Rendered site/about.html.erb within layouts/application (0.1ms)
Completed 200 OK in 15ms (Views: 15.2ms)


Started GET "/" for ::1 at 2015-10-14 16:27:22 +1300
Processing by SiteController#index as HTML
  Rendered site/index.html.erb within layouts/application (0.0ms)
Completed 200 OK in 17ms (Views: 16.5ms)


Started GET "/about" for ::1 at 2015-10-14 16:27:22 +1300
Processing by SiteController#about as HTML
  Rendered site/about.html.erb within layouts/application (0.0ms)
Completed 200 OK in 16ms (Views: 15.5ms)


Started GET "/" for ::1 at 2015-10-14 16:27:23 +1300
Processing by SiteController#index as HTML
  Rendered site/index.html.erb within layouts/application (0.0ms)
Completed 200 OK in 17ms (Views: 16.5ms)


Started GET "/about" for ::1 at 2015-10-14 16:27:23 +1300
Processing by SiteController#about as HTML
  Rendered site/about.html.erb within layouts/application (0.1ms)
Completed 200 OK in 26ms (Views: 25.4ms)


Started GET "/" for ::1 at 2015-10-14 16:27:23 +1300
Processing by SiteController#index as HTML
  Rendered site/index.html.erb within layouts/application (0.0ms)
Completed 200 OK in 24ms (Views: 23.5ms)


Started GET "/about" for ::1 at 2015-10-14 16:27:23 +1300
Processing by SiteController#about as HTML
  Rendered site/about.html.erb within layouts/application (0.0ms)
Completed 200 OK in 20ms (Views: 20.2ms)


Started GET "/" for ::1 at 2015-10-14 16:27:24 +1300
Processing by SiteController#index as HTML
  Rendered site/index.html.erb within layouts/application (0.0ms)
Completed 200 OK in 19ms (Views: 18.9ms)


Started GET "/about" for ::1 at 2015-10-14 16:31:43 +1300
Processing by SiteController#about as HTML
  Rendered site/about.html.erb within layouts/application (0.0ms)
Completed 200 OK in 20ms (Views: 19.9ms)


Started GET "/" for ::1 at 2015-10-14 16:31:46 +1300
Processing by SiteController#index as HTML
  Rendered site/index.html.erb within layouts/application (0.0ms)
Completed 200 OK in 18ms (Views: 18.2ms)


Started GET "/about" for ::1 at 2015-10-14 16:31:46 +1300
Processing by SiteController#about as HTML
  Rendered site/about.html.erb within layouts/application (0.0ms)
Completed 200 OK in 19ms (Views: 18.5ms)


Started GET "/" for ::1 at 2015-10-14 16:31:47 +1300
Processing by SiteController#index as HTML
  Rendered site/index.html.erb within layouts/application (0.0ms)
Completed 200 OK in 20ms (Views: 19.5ms)


Started GET "/about" for ::1 at 2015-10-14 16:31:48 +1300
Processing by SiteController#about as HTML
  Rendered site/about.html.erb within layouts/application (0.0ms)
Completed 200 OK in 19ms (Views: 18.9ms)


Started GET "/" for ::1 at 2015-10-14 16:31:48 +1300
Processing by SiteController#index as HTML
  Rendered site/index.html.erb within layouts/application (0.0ms)
Completed 200 OK in 19ms (Views: 18.6ms)


Started GET "/about" for ::1 at 2015-10-14 16:31:49 +1300
Processing by SiteController#about as HTML
  Rendered site/about.html.erb within layouts/application (0.0ms)
Completed 200 OK in 17ms (Views: 16.6ms)


Started GET "/" for ::1 at 2015-10-14 16:32:00 +1300
Processing by SiteController#index as HTML
  Rendered site/index.html.erb within layouts/application (0.0ms)
Completed 200 OK in 18ms (Views: 17.4ms)


Started GET "/about" for ::1 at 2015-10-14 16:32:01 +1300
Processing by SiteController#about as HTML
  Rendered site/about.html.erb within layouts/application (0.0ms)
Completed 200 OK in 18ms (Views: 18.3ms)


Started GET "/" for ::1 at 2015-10-14 16:32:03 +1300
Processing by SiteController#index as HTML
  Rendered site/index.html.erb within layouts/application (0.0ms)
Completed 200 OK in 16ms (Views: 16.3ms)


Started GET "/about" for ::1 at 2015-10-14 16:32:03 +1300
Processing by SiteController#about as HTML
  Rendered site/about.html.erb within layouts/application (0.0ms)
Completed 200 OK in 16ms (Views: 16.1ms)


Started GET "/" for ::1 at 2015-10-14 16:32:04 +1300
Processing by SiteController#index as HTML
  Rendered site/index.html.erb within layouts/application (0.0ms)
Completed 200 OK in 23ms (Views: 23.3ms)


Started GET "/" for ::1 at 2015-10-14 16:40:28 +1300
Processing by SiteController#index as HTML
  Rendered site/index.html.erb within layouts/application (0.0ms)
Completed 200 OK in 24ms (Views: 23.7ms)


Started GET "/assets/application.self-a1a5e6adcccf7e6cf670a3e7995c58af0e48ce9798d67ec2c1a9447933f565df.css?body=1" for ::1 at 2015-10-14 16:40:28 +1300


Started GET "/assets/jquery.self-a714331225dda820228db323939889f149aec0127aeb06255646b616ba1ca419.js?body=1" for ::1 at 2015-10-14 16:40:28 +1300


Started GET "/assets/jquery_ujs.self-d456baa54c1fa6be2ec3711f0a72ddf7a5b2f34a6b4f515f33767d6207b7d4b3.js?body=1" for ::1 at 2015-10-14 16:40:28 +1300


Started GET "/assets/application.self-377610cd7c1509e934744c810e3b4cf672dfbcacac3274e7d039827e2ae0fcc7.js?body=1" for ::1 at 2015-10-14 16:40:28 +1300


Started GET "/about" for ::1 at 2015-10-14 16:40:29 +1300
Processing by SiteController#about as HTML
  Rendered site/about.html.erb within layouts/application (0.0ms)
Completed 200 OK in 20ms (Views: 20.0ms)


Started GET "/" for ::1 at 2015-10-14 16:40:30 +1300
Processing by SiteController#index as HTML
  Rendered site/index.html.erb within layouts/application (0.0ms)
Completed 200 OK in 18ms (Views: 18.0ms)


Started GET "/about" for ::1 at 2015-10-14 16:40:31 +1300
Processing by SiteController#about as HTML
  Rendered site/about.html.erb within layouts/application (0.0ms)
Completed 200 OK in 19ms (Views: 18.9ms)


Started GET "/" for ::1 at 2015-10-14 16:40:32 +1300
Processing by SiteController#index as HTML
  Rendered site/index.html.erb within layouts/application (0.0ms)
Completed 200 OK in 18ms (Views: 17.7ms)


Started GET "/about" for ::1 at 2015-10-14 16:40:32 +1300
Processing by SiteController#about as HTML
  Rendered site/about.html.erb within layouts/application (0.0ms)
Completed 200 OK in 19ms (Views: 18.4ms)


Started GET "/about" for ::1 at 2015-10-14 16:42:50 +1300
Processing by SiteController#about as HTML
  Rendered site/about.html.erb within layouts/application (0.0ms)
Completed 200 OK in 43ms (Views: 42.4ms)


Started GET "/assets/application.self-5fa9d2cef1e559166f676a07b280a908aeecaf35e2de3ea9a20f832e8e5d24fa.css?body=1" for ::1 at 2015-10-14 16:42:50 +1300


Started GET "/assets/application.self-377610cd7c1509e934744c810e3b4cf672dfbcacac3274e7d039827e2ae0fcc7.js?body=1" for ::1 at 2015-10-14 16:42:50 +1300


Started GET "/assets/jquery_ujs.self-d456baa54c1fa6be2ec3711f0a72ddf7a5b2f34a6b4f515f33767d6207b7d4b3.js?body=1" for ::1 at 2015-10-14 16:42:50 +1300


Started GET "/assets/jquery.self-a714331225dda820228db323939889f149aec0127aeb06255646b616ba1ca419.js?body=1" for ::1 at 2015-10-14 16:42:50 +1300


Started GET "/" for ::1 at 2015-10-14 16:42:51 +1300
Processing by SiteController#index as HTML
  Rendered site/index.html.erb within layouts/application (0.1ms)
Completed 200 OK in 33ms (Views: 32.6ms)


Started GET "/about" for ::1 at 2015-10-14 16:42:52 +1300
Processing by SiteController#about as HTML
  Rendered site/about.html.erb within layouts/application (0.0ms)
Completed 200 OK in 17ms (Views: 16.4ms)


Started GET "/" for ::1 at 2015-10-14 16:42:53 +1300
Processing by SiteController#index as HTML
  Rendered site/index.html.erb within layouts/application (0.0ms)
Completed 200 OK in 17ms (Views: 16.7ms)


Started GET "/about" for ::1 at 2015-10-14 16:42:53 +1300
Processing by SiteController#about as HTML
  Rendered site/about.html.erb within layouts/application (0.0ms)
Completed 200 OK in 17ms (Views: 16.7ms)


Started GET "/" for ::1 at 2015-10-14 16:42:54 +1300
Processing by SiteController#index as HTML
  Rendered site/index.html.erb within layouts/application (0.1ms)
Completed 200 OK in 16ms (Views: 15.6ms)


Started GET "/about" for ::1 at 2015-10-14 16:42:55 +1300
Processing by SiteController#about as HTML
  Rendered site/about.html.erb within layouts/application (0.0ms)
Completed 200 OK in 26ms (Views: 25.7ms)


Started GET "/" for ::1 at 2015-10-14 16:42:55 +1300
Processing by SiteController#index as HTML
  Rendered site/index.html.erb within layouts/application (0.1ms)
Completed 200 OK in 22ms (Views: 21.7ms)


Started GET "/about" for ::1 at 2015-10-14 16:42:56 +1300
Processing by SiteController#about as HTML
  Rendered site/about.html.erb within layouts/application (0.0ms)
Completed 200 OK in 20ms (Views: 20.0ms)


Started GET "/" for ::1 at 2015-10-14 16:42:56 +1300
Processing by SiteController#index as HTML
  Rendered site/index.html.erb within layouts/application (0.0ms)
Completed 200 OK in 19ms (Views: 18.4ms)


Started GET "/" for ::1 at 2015-10-14 16:46:13 +1300
Processing by SiteController#index as HTML
  Rendered site/index.html.erb within layouts/application (0.1ms)
Completed 200 OK in 19ms (Views: 18.6ms)


Started GET "/assets/application.self-5fa9d2cef1e559166f676a07b280a908aeecaf35e2de3ea9a20f832e8e5d24fa.css?body=1" for ::1 at 2015-10-14 16:46:13 +1300


Started GET "/assets/jquery_ujs.self-d456baa54c1fa6be2ec3711f0a72ddf7a5b2f34a6b4f515f33767d6207b7d4b3.js?body=1" for ::1 at 2015-10-14 16:46:13 +1300


Started GET "/assets/jquery.self-a714331225dda820228db323939889f149aec0127aeb06255646b616ba1ca419.js?body=1" for ::1 at 2015-10-14 16:46:13 +1300


Started GET "/assets/application.self-377610cd7c1509e934744c810e3b4cf672dfbcacac3274e7d039827e2ae0fcc7.js?body=1" for ::1 at 2015-10-14 16:46:13 +1300


Started GET "/" for ::1 at 2015-10-14 16:53:22 +1300
Processing by SiteController#index as HTML
  Rendered site/index.html.erb within layouts/application (0.1ms)
Completed 200 OK in 23ms (Views: 23.1ms)


Started GET "/assets/application.self-5fa9d2cef1e559166f676a07b280a908aeecaf35e2de3ea9a20f832e8e5d24fa.css?body=1" for ::1 at 2015-10-14 16:53:22 +1300


Started GET "/assets/jquery_ujs.self-d456baa54c1fa6be2ec3711f0a72ddf7a5b2f34a6b4f515f33767d6207b7d4b3.js?body=1" for ::1 at 2015-10-14 16:53:22 +1300


Started GET "/assets/jquery.self-a714331225dda820228db323939889f149aec0127aeb06255646b616ba1ca419.js?body=1" for ::1 at 2015-10-14 16:53:22 +1300


Started GET "/assets/application.self-377610cd7c1509e934744c810e3b4cf672dfbcacac3274e7d039827e2ae0fcc7.js?body=1" for ::1 at 2015-10-14 16:53:22 +1300


Started GET "/" for ::1 at 2015-10-14 16:58:44 +1300
Processing by SiteController#index as HTML
  Rendered site/index.html.erb within layouts/application (0.1ms)
Completed 500 Internal Server Error in 6ms

SyntaxError (/Users/apprentice/Documents/michael/going-through-rails/app/views/layouts/application.html.erb:30: syntax error, unexpected keyword_end, expecting ')'
              end);@output_buffer.safe_append='</li>
                 ^
/Users/apprentice/Documents/michael/going-through-rails/app/views/layouts/application.html.erb:65: syntax error, unexpected keyword_ensure, expecting keyword_end
/Users/apprentice/Documents/michael/going-through-rails/app/views/layouts/application.html.erb:67: syntax error, unexpected end-of-input, expecting ')'):
  app/views/layouts/application.html.erb:30: syntax error, unexpected keyword_end, expecting ')'
  app/views/layouts/application.html.erb:65: syntax error, unexpected keyword_ensure, expecting keyword_end
  app/views/layouts/application.html.erb:67: syntax error, unexpected end-of-input, expecting ')'


  Rendered /Users/apprentice/.rbenv/versions/2.2.3/lib/ruby/gems/2.2.0/gems/actionpack-4.2.3/lib/action_dispatch/middleware/templates/rescues/_source.erb (5.0ms)
  Rendered /Users/apprentice/.rbenv/versions/2.2.3/lib/ruby/gems/2.2.0/gems/actionpack-4.2.3/lib/action_dispatch/middleware/templates/rescues/_trace.html.erb (2.6ms)
  Rendered /Users/apprentice/.rbenv/versions/2.2.3/lib/ruby/gems/2.2.0/gems/actionpack-4.2.3/lib/action_dispatch/middleware/templates/rescues/_request_and_response.html.erb (1.1ms)
  Rendered /Users/apprentice/.rbenv/versions/2.2.3/lib/ruby/gems/2.2.0/gems/actionpack-4.2.3/lib/action_dispatch/middleware/templates/rescues/diagnostics.html.erb within rescues/layout (60.8ms)
  Rendered /Users/apprentice/.rbenv/versions/2.2.3/lib/ruby/gems/2.2.0/gems/web-console-2.2.1/lib/web_console/templates/_markup.html.erb (0.5ms)
  Rendered /Users/apprentice/.rbenv/versions/2.2.3/lib/ruby/gems/2.2.0/gems/web-console-2.2.1/lib/web_console/templates/_inner_console_markup.html.erb within layouts/inlined_string (0.3ms)
  Rendered /Users/apprentice/.rbenv/versions/2.2.3/lib/ruby/gems/2.2.0/gems/web-console-2.2.1/lib/web_console/templates/_prompt_box_markup.html.erb within layouts/inlined_string (0.3ms)
  Rendered /Users/apprentice/.rbenv/versions/2.2.3/lib/ruby/gems/2.2.0/gems/web-console-2.2.1/lib/web_console/templates/style.css.erb within layouts/inlined_string (0.3ms)
  Rendered /Users/apprentice/.rbenv/versions/2.2.3/lib/ruby/gems/2.2.0/gems/web-console-2.2.1/lib/web_console/templates/console.js.erb within layouts/javascript (49.7ms)
  Rendered /Users/apprentice/.rbenv/versions/2.2.3/lib/ruby/gems/2.2.0/gems/web-console-2.2.1/lib/web_console/templates/main.js.erb within layouts/javascript (0.3ms)
  Rendered /Users/apprentice/.rbenv/versions/2.2.3/lib/ruby/gems/2.2.0/gems/web-console-2.2.1/lib/web_console/templates/error_page.js.erb within layouts/javascript (0.4ms)
  Rendered /Users/apprentice/.rbenv/versions/2.2.3/lib/ruby/gems/2.2.0/gems/web-console-2.2.1/lib/web_console/templates/index.html.erb (111.2ms)


Started GET "/" for ::1 at 2015-10-14 16:59:11 +1300
Processing by SiteController#index as HTML
  Rendered site/index.html.erb within layouts/application (0.0ms)
Completed 200 OK in 48ms (Views: 47.7ms)


Started GET "/assets/application.self-f12f94375def7b350e231de85e23805ea517ef62871e4257fa988f9a4cccc735.css?body=1" for ::1 at 2015-10-14 16:59:11 +1300


Started GET "/assets/jquery.self-a714331225dda820228db323939889f149aec0127aeb06255646b616ba1ca419.js?body=1" for ::1 at 2015-10-14 16:59:11 +1300


Started GET "/assets/application.self-377610cd7c1509e934744c810e3b4cf672dfbcacac3274e7d039827e2ae0fcc7.js?body=1" for ::1 at 2015-10-14 16:59:11 +1300


Started GET "/assets/jquery_ujs.self-d456baa54c1fa6be2ec3711f0a72ddf7a5b2f34a6b4f515f33767d6207b7d4b3.js?body=1" for ::1 at 2015-10-14 16:59:11 +1300


Started GET "/" for ::1 at 2015-10-14 16:59:14 +1300
Processing by SiteController#index as HTML
  Rendered site/index.html.erb within layouts/application (0.1ms)
Completed 200 OK in 20ms (Views: 19.8ms)


Started GET "/assets/jquery.self-a714331225dda820228db323939889f149aec0127aeb06255646b616ba1ca419.js?body=1" for ::1 at 2015-10-14 16:59:14 +1300


Started GET "/assets/application.self-f12f94375def7b350e231de85e23805ea517ef62871e4257fa988f9a4cccc735.css?body=1" for ::1 at 2015-10-14 16:59:14 +1300


Started GET "/assets/jquery_ujs.self-d456baa54c1fa6be2ec3711f0a72ddf7a5b2f34a6b4f515f33767d6207b7d4b3.js?body=1" for ::1 at 2015-10-14 16:59:14 +1300


Started GET "/assets/application.self-377610cd7c1509e934744c810e3b4cf672dfbcacac3274e7d039827e2ae0fcc7.js?body=1" for ::1 at 2015-10-14 16:59:14 +1300


Started GET "/" for ::1 at 2015-10-14 17:19:03 +1300
Processing by SiteController#index as HTML
  Rendered site/index.html.erb within layouts/application (0.1ms)
Completed 200 OK in 20ms (Views: 20.0ms)


Started GET "/assets/application.self-f12f94375def7b350e231de85e23805ea517ef62871e4257fa988f9a4cccc735.css?body=1" for ::1 at 2015-10-14 17:19:03 +1300


Started GET "/assets/jquery_ujs.self-d456baa54c1fa6be2ec3711f0a72ddf7a5b2f34a6b4f515f33767d6207b7d4b3.js?body=1" for ::1 at 2015-10-14 17:19:03 +1300


Started GET "/assets/application.self-377610cd7c1509e934744c810e3b4cf672dfbcacac3274e7d039827e2ae0fcc7.js?body=1" for ::1 at 2015-10-14 17:19:03 +1300


Started GET "/assets/jquery.self-a714331225dda820228db323939889f149aec0127aeb06255646b616ba1ca419.js?body=1" for ::1 at 2015-10-14 17:19:03 +1300


Started GET "/about" for ::1 at 2015-10-14 17:19:05 +1300
Processing by SiteController#about as HTML
  Rendered site/about.html.erb within layouts/application (0.1ms)
Completed 200 OK in 18ms (Views: 18.2ms)


Started GET "/" for ::1 at 2015-10-14 17:19:06 +1300
Processing by SiteController#index as HTML
  Rendered site/index.html.erb within layouts/application (0.1ms)
Completed 200 OK in 18ms (Views: 17.7ms)


Started GET "/about" for ::1 at 2015-10-14 17:19:16 +1300
Processing by SiteController#about as HTML
  Rendered site/about.html.erb within layouts/application (0.0ms)
Completed 200 OK in 18ms (Views: 18.1ms)


Started GET "/" for ::1 at 2015-10-14 17:19:18 +1300
Processing by SiteController#index as HTML
  Rendered site/index.html.erb within layouts/application (0.1ms)
Completed 200 OK in 18ms (Views: 18.0ms)


Started GET "/about" for ::1 at 2015-10-14 17:19:19 +1300
Processing by SiteController#about as HTML
  Rendered site/about.html.erb within layouts/application (0.0ms)
Completed 200 OK in 16ms (Views: 16.2ms)


Started GET "/about" for ::1 at 2015-10-14 17:19:39 +1300
Processing by SiteController#about as HTML
  Rendered site/about.html.erb within layouts/application (0.1ms)
Completed 200 OK in 39ms (Views: 39.2ms)


Started GET "/assets/jquery_ujs.self-d456baa54c1fa6be2ec3711f0a72ddf7a5b2f34a6b4f515f33767d6207b7d4b3.js?body=1" for ::1 at 2015-10-14 17:19:39 +1300


Started GET "/assets/jquery.self-a714331225dda820228db323939889f149aec0127aeb06255646b616ba1ca419.js?body=1" for ::1 at 2015-10-14 17:19:39 +1300


Started GET "/assets/application.self-377610cd7c1509e934744c810e3b4cf672dfbcacac3274e7d039827e2ae0fcc7.js?body=1" for ::1 at 2015-10-14 17:19:39 +1300


Started GET "/assets/application.self-f12f94375def7b350e231de85e23805ea517ef62871e4257fa988f9a4cccc735.css?body=1" for ::1 at 2015-10-14 17:19:39 +1300


Started GET "/" for ::1 at 2015-10-14 17:19:42 +1300
Processing by SiteController#index as HTML
  Rendered site/index.html.erb within layouts/application (0.0ms)
Completed 200 OK in 16ms (Views: 16.1ms)


Started GET "/about" for ::1 at 2015-10-14 17:19:43 +1300
Processing by SiteController#about as HTML
  Rendered site/about.html.erb within layouts/application (0.0ms)
Completed 200 OK in 23ms (Views: 22.8ms)


Started GET "/" for ::1 at 2015-10-14 17:19:44 +1300
Processing by SiteController#index as HTML
  Rendered site/index.html.erb within layouts/application (0.0ms)
Completed 200 OK in 20ms (Views: 20.0ms)


Started GET "/about" for ::1 at 2015-10-14 17:19:44 +1300
Processing by SiteController#about as HTML
  Rendered site/about.html.erb within layouts/application (0.0ms)
Completed 200 OK in 23ms (Views: 23.3ms)


Started GET "/" for ::1 at 2015-10-14 17:19:45 +1300
Processing by SiteController#index as HTML
  Rendered site/index.html.erb within layouts/application (0.0ms)
Completed 200 OK in 19ms (Views: 19.0ms)


Started GET "/about" for ::1 at 2015-10-14 17:19:45 +1300
Processing by SiteController#about as HTML
  Rendered site/about.html.erb within layouts/application (0.0ms)
Completed 200 OK in 18ms (Views: 17.6ms)


Started GET "/privacy" for ::1 at 2015-10-14 17:19:51 +1300
Processing by SiteController#privacy as HTML
  Rendered site/privacy.html.erb within layouts/application (0.4ms)
Completed 200 OK in 36ms (Views: 36.1ms)


Started GET "/privacy" for ::1 at 2015-10-14 17:20:05 +1300
Processing by SiteController#privacy as HTML
  Rendered site/privacy.html.erb within layouts/application (0.7ms)
Completed 200 OK in 30ms (Views: 29.5ms)


Started GET "/assets/jquery.self-a714331225dda820228db323939889f149aec0127aeb06255646b616ba1ca419.js?body=1" for ::1 at 2015-10-14 17:20:05 +1300


Started GET "/assets/jquery_ujs.self-d456baa54c1fa6be2ec3711f0a72ddf7a5b2f34a6b4f515f33767d6207b7d4b3.js?body=1" for ::1 at 2015-10-14 17:20:05 +1300


Started GET "/assets/application.self-f12f94375def7b350e231de85e23805ea517ef62871e4257fa988f9a4cccc735.css?body=1" for ::1 at 2015-10-14 17:20:05 +1300


Started GET "/assets/application.self-377610cd7c1509e934744c810e3b4cf672dfbcacac3274e7d039827e2ae0fcc7.js?body=1" for ::1 at 2015-10-14 17:20:05 +1300


Started GET "/privacy" for ::1 at 2015-10-14 17:22:01 +1300
Processing by SiteController#privacy as HTML
  Rendered site/privacy.html.erb within layouts/application (0.1ms)
Completed 200 OK in 41ms (Views: 41.0ms)


Started GET "/assets/application.self-f12f94375def7b350e231de85e23805ea517ef62871e4257fa988f9a4cccc735.css?body=1" for ::1 at 2015-10-14 17:22:02 +1300


Started GET "/assets/jquery.self-a714331225dda820228db323939889f149aec0127aeb06255646b616ba1ca419.js?body=1" for ::1 at 2015-10-14 17:22:02 +1300


Started GET "/assets/jquery_ujs.self-d456baa54c1fa6be2ec3711f0a72ddf7a5b2f34a6b4f515f33767d6207b7d4b3.js?body=1" for ::1 at 2015-10-14 17:22:02 +1300


Started GET "/assets/application.self-377610cd7c1509e934744c810e3b4cf672dfbcacac3274e7d039827e2ae0fcc7.js?body=1" for ::1 at 2015-10-14 17:22:02 +1300


Started GET "/privacy" for ::1 at 2015-10-14 17:22:24 +1300
Processing by SiteController#privacy as HTML
  Rendered site/privacy.html.erb within layouts/application (0.1ms)
Completed 200 OK in 47ms (Views: 47.3ms)


Started GET "/assets/application.self-7b155bd0be37b7f4b1a6c3fbd5b629423a34257122d6a509b616ed1e81a31f2f.css?body=1" for ::1 at 2015-10-14 17:22:25 +1300


Started GET "/assets/jquery.self-a714331225dda820228db323939889f149aec0127aeb06255646b616ba1ca419.js?body=1" for ::1 at 2015-10-14 17:22:25 +1300


Started GET "/assets/application.self-377610cd7c1509e934744c810e3b4cf672dfbcacac3274e7d039827e2ae0fcc7.js?body=1" for ::1 at 2015-10-14 17:22:25 +1300


Started GET "/assets/jquery_ujs.self-d456baa54c1fa6be2ec3711f0a72ddf7a5b2f34a6b4f515f33767d6207b7d4b3.js?body=1" for ::1 at 2015-10-14 17:22:25 +1300


Started GET "/privacy" for ::1 at 2015-10-14 17:22:47 +1300
Processing by SiteController#privacy as HTML
  Rendered site/privacy.html.erb within layouts/application (0.1ms)
Completed 200 OK in 36ms (Views: 35.7ms)


Started GET "/assets/application.self-1280273c444ddec05d3a0780ae88756785e1e67ebd7f40068771c08426f5726d.css?body=1" for ::1 at 2015-10-14 17:22:48 +1300


Started GET "/assets/jquery.self-a714331225dda820228db323939889f149aec0127aeb06255646b616ba1ca419.js?body=1" for ::1 at 2015-10-14 17:22:48 +1300


Started GET "/assets/jquery_ujs.self-d456baa54c1fa6be2ec3711f0a72ddf7a5b2f34a6b4f515f33767d6207b7d4b3.js?body=1" for ::1 at 2015-10-14 17:22:48 +1300


Started GET "/assets/application.self-377610cd7c1509e934744c810e3b4cf672dfbcacac3274e7d039827e2ae0fcc7.js?body=1" for ::1 at 2015-10-14 17:22:48 +1300


Started GET "/privacy" for ::1 at 2015-10-14 17:23:10 +1300
Processing by SiteController#privacy as HTML
  Rendered site/privacy.html.erb within layouts/application (9.0ms)
Completed 200 OK in 300ms (Views: 299.3ms)


Started GET "/assets/jquery.self-a714331225dda820228db323939889f149aec0127aeb06255646b616ba1ca419.js?body=1" for ::1 at 2015-10-14 17:23:10 +1300


Started GET "/assets/application.self-377610cd7c1509e934744c810e3b4cf672dfbcacac3274e7d039827e2ae0fcc7.js?body=1" for ::1 at 2015-10-14 17:23:10 +1300


Started GET "/assets/jquery_ujs.self-d456baa54c1fa6be2ec3711f0a72ddf7a5b2f34a6b4f515f33767d6207b7d4b3.js?body=1" for ::1 at 2015-10-14 17:23:10 +1300


Started GET "/assets/application.self-1280273c444ddec05d3a0780ae88756785e1e67ebd7f40068771c08426f5726d.css?body=1" for ::1 at 2015-10-14 17:23:10 +1300


Started GET "/" for ::1 at 2015-10-14 17:23:13 +1300
Processing by SiteController#index as HTML
  Rendered site/index.html.erb within layouts/application (0.5ms)
Completed 200 OK in 68ms (Views: 67.6ms)


Started GET "/about" for ::1 at 2015-10-14 17:23:14 +1300
Processing by SiteController#about as HTML
  Rendered site/about.html.erb within layouts/application (0.4ms)
Completed 200 OK in 60ms (Views: 60.2ms)


Started GET "/" for ::1 at 2015-10-14 17:23:17 +1300
Processing by SiteController#index as HTML
  Rendered site/index.html.erb within layouts/application (0.1ms)
Completed 200 OK in 18ms (Views: 17.5ms)


Started GET "/about" for ::1 at 2015-10-14 17:23:18 +1300
Processing by SiteController#about as HTML
  Rendered site/about.html.erb within layouts/application (0.0ms)
Completed 200 OK in 21ms (Views: 20.7ms)


Started GET "/" for ::1 at 2015-10-14 17:23:18 +1300
Processing by SiteController#index as HTML
  Rendered site/index.html.erb within layouts/application (0.0ms)
Completed 200 OK in 36ms (Views: 35.7ms)


Started GET "/about" for ::1 at 2015-10-14 17:23:34 +1300
Processing by SiteController#about as HTML
  Rendered site/about.html.erb within layouts/application (0.0ms)
Completed 200 OK in 82ms (Views: 82.2ms)


Started GET "/" for ::1 at 2015-10-14 17:23:34 +1300
Processing by SiteController#index as HTML
  Rendered site/index.html.erb within layouts/application (0.0ms)
Completed 200 OK in 21ms (Views: 21.1ms)


Started GET "/" for ::1 at 2015-10-14 17:25:29 +1300
Processing by SiteController#index as HTML
  Rendered site/index.html.erb within layouts/application (0.1ms)
Completed 200 OK in 24ms (Views: 23.9ms)


Started GET "/assets/application.self-f12f94375def7b350e231de85e23805ea517ef62871e4257fa988f9a4cccc735.css?body=1" for ::1 at 2015-10-14 17:25:29 +1300


Started GET "/assets/jquery_ujs.self-d456baa54c1fa6be2ec3711f0a72ddf7a5b2f34a6b4f515f33767d6207b7d4b3.js?body=1" for ::1 at 2015-10-14 17:25:29 +1300


Started GET "/assets/jquery.self-a714331225dda820228db323939889f149aec0127aeb06255646b616ba1ca419.js?body=1" for ::1 at 2015-10-14 17:25:29 +1300


Started GET "/assets/application.self-377610cd7c1509e934744c810e3b4cf672dfbcacac3274e7d039827e2ae0fcc7.js?body=1" for ::1 at 2015-10-14 17:25:29 +1300


Started GET "/" for ::1 at 2015-10-14 17:31:17 +1300
Processing by SiteController#index as HTML
  Rendered site/index.html.erb within layouts/application (0.0ms)
Completed 200 OK in 27ms (Views: 27.2ms)


Started GET "/assets/application.self-f12f94375def7b350e231de85e23805ea517ef62871e4257fa988f9a4cccc735.css?body=1" for ::1 at 2015-10-14 17:31:17 +1300


Started GET "/assets/application.self-377610cd7c1509e934744c810e3b4cf672dfbcacac3274e7d039827e2ae0fcc7.js?body=1" for ::1 at 2015-10-14 17:31:17 +1300


Started GET "/assets/jquery.self-a714331225dda820228db323939889f149aec0127aeb06255646b616ba1ca419.js?body=1" for ::1 at 2015-10-14 17:31:17 +1300


Started GET "/assets/jquery_ujs.self-d456baa54c1fa6be2ec3711f0a72ddf7a5b2f34a6b4f515f33767d6207b7d4b3.js?body=1" for ::1 at 2015-10-14 17:31:17 +1300


Started GET "/about" for ::1 at 2015-10-14 17:31:19 +1300
Processing by SiteController#about as HTML
  Rendered site/about.html.erb within layouts/application (0.1ms)
Completed 200 OK in 31ms (Views: 30.7ms)


Started GET "/" for ::1 at 2015-10-14 17:31:21 +1300
Processing by SiteController#index as HTML
  Rendered site/index.html.erb within layouts/application (0.1ms)
Completed 200 OK in 23ms (Views: 22.8ms)


Started GET "/about" for ::1 at 2015-10-14 17:31:21 +1300
Processing by SiteController#about as HTML
  Rendered site/about.html.erb within layouts/application (0.0ms)
Completed 200 OK in 19ms (Views: 19.0ms)


Started GET "/" for ::1 at 2015-10-14 17:31:22 +1300
Processing by SiteController#index as HTML
  Rendered site/index.html.erb within layouts/application (0.0ms)
Completed 200 OK in 18ms (Views: 17.6ms)


Started GET "/about" for ::1 at 2015-10-14 17:31:22 +1300
Processing by SiteController#about as HTML
  Rendered site/about.html.erb within layouts/application (0.0ms)
Completed 200 OK in 18ms (Views: 18.3ms)


Started GET "/" for ::1 at 2015-10-14 17:31:23 +1300
Processing by SiteController#index as HTML
  Rendered site/index.html.erb within layouts/application (0.0ms)
Completed 200 OK in 17ms (Views: 17.3ms)


Started GET "/about" for ::1 at 2015-10-14 17:31:23 +1300
Processing by SiteController#about as HTML
  Rendered site/about.html.erb within layouts/application (0.0ms)
Completed 200 OK in 18ms (Views: 18.3ms)


Started GET "/" for ::1 at 2015-10-14 17:31:24 +1300
Processing by SiteController#index as HTML
  Rendered site/index.html.erb within layouts/application (0.0ms)
Completed 200 OK in 18ms (Views: 17.9ms)


Started GET "/about" for ::1 at 2015-10-14 17:31:24 +1300
Processing by SiteController#about as HTML
  Rendered site/about.html.erb within layouts/application (0.0ms)
Completed 200 OK in 19ms (Views: 18.8ms)


Started GET "/" for ::1 at 2015-10-14 17:31:25 +1300
Processing by SiteController#index as HTML
  Rendered site/index.html.erb within layouts/application (0.0ms)
Completed 200 OK in 19ms (Views: 18.4ms)


Started GET "/about" for ::1 at 2015-10-14 17:31:25 +1300
Processing by SiteController#about as HTML
  Rendered site/about.html.erb within layouts/application (0.0ms)
Completed 200 OK in 18ms (Views: 18.2ms)


Started GET "/privacy" for ::1 at 2015-10-14 17:31:31 +1300
Processing by SiteController#privacy as HTML
  Rendered site/privacy.html.erb within layouts/application (0.0ms)
Completed 200 OK in 19ms (Views: 18.9ms)


Started GET "/privacy" for ::1 at 2015-10-14 17:32:47 +1300
Processing by SiteController#privacy as HTML
  Rendered site/privacy.html.erb within layouts/application (0.0ms)
Completed 200 OK in 19ms (Views: 19.3ms)


Started GET "/assets/application.self-f12f94375def7b350e231de85e23805ea517ef62871e4257fa988f9a4cccc735.css?body=1" for ::1 at 2015-10-14 17:32:47 +1300


Started GET "/assets/jquery_ujs.self-d456baa54c1fa6be2ec3711f0a72ddf7a5b2f34a6b4f515f33767d6207b7d4b3.js?body=1" for ::1 at 2015-10-14 17:32:47 +1300


Started GET "/assets/jquery.self-a714331225dda820228db323939889f149aec0127aeb06255646b616ba1ca419.js?body=1" for ::1 at 2015-10-14 17:32:47 +1300


Started GET "/assets/application.self-377610cd7c1509e934744c810e3b4cf672dfbcacac3274e7d039827e2ae0fcc7.js?body=1" for ::1 at 2015-10-14 17:32:47 +1300


Started GET "/privacy" for ::1 at 2015-10-14 17:33:02 +1300
Processing by SiteController#privacy as HTML
  Rendered site/privacy.html.erb within layouts/application (0.1ms)
Completed 200 OK in 30ms (Views: 29.4ms)


Started GET "/assets/application.self-f12f94375def7b350e231de85e23805ea517ef62871e4257fa988f9a4cccc735.css?body=1" for ::1 at 2015-10-14 17:33:02 +1300


Started GET "/assets/application.self-377610cd7c1509e934744c810e3b4cf672dfbcacac3274e7d039827e2ae0fcc7.js?body=1" for ::1 at 2015-10-14 17:33:02 +1300


Started GET "/assets/jquery.self-a714331225dda820228db323939889f149aec0127aeb06255646b616ba1ca419.js?body=1" for ::1 at 2015-10-14 17:33:02 +1300


Started GET "/assets/jquery_ujs.self-d456baa54c1fa6be2ec3711f0a72ddf7a5b2f34a6b4f515f33767d6207b7d4b3.js?body=1" for ::1 at 2015-10-14 17:33:02 +1300


Started GET "/privacy" for ::1 at 2015-10-14 17:33:31 +1300
Processing by SiteController#privacy as HTML
  Rendered site/privacy.html.erb within layouts/application (0.3ms)
Completed 200 OK in 27ms (Views: 27.1ms)


Started GET "/assets/application.self-f12f94375def7b350e231de85e23805ea517ef62871e4257fa988f9a4cccc735.css?body=1" for ::1 at 2015-10-14 17:33:31 +1300


Started GET "/assets/jquery_ujs.self-d456baa54c1fa6be2ec3711f0a72ddf7a5b2f34a6b4f515f33767d6207b7d4b3.js?body=1" for ::1 at 2015-10-14 17:33:31 +1300


Started GET "/assets/jquery.self-a714331225dda820228db323939889f149aec0127aeb06255646b616ba1ca419.js?body=1" for ::1 at 2015-10-14 17:33:31 +1300


Started GET "/assets/application.self-377610cd7c1509e934744c810e3b4cf672dfbcacac3274e7d039827e2ae0fcc7.js?body=1" for ::1 at 2015-10-14 17:33:31 +1300


Started GET "/privacy" for ::1 at 2015-10-14 17:33:40 +1300
Processing by SiteController#privacy as HTML
  Rendered site/privacy.html.erb within layouts/application (0.4ms)
Completed 200 OK in 22ms (Views: 21.8ms)


Started GET "/assets/application.self-f12f94375def7b350e231de85e23805ea517ef62871e4257fa988f9a4cccc735.css?body=1" for ::1 at 2015-10-14 17:33:40 +1300


Started GET "/assets/jquery.self-a714331225dda820228db323939889f149aec0127aeb06255646b616ba1ca419.js?body=1" for ::1 at 2015-10-14 17:33:40 +1300


Started GET "/assets/jquery_ujs.self-d456baa54c1fa6be2ec3711f0a72ddf7a5b2f34a6b4f515f33767d6207b7d4b3.js?body=1" for ::1 at 2015-10-14 17:33:40 +1300


Started GET "/assets/application.self-377610cd7c1509e934744c810e3b4cf672dfbcacac3274e7d039827e2ae0fcc7.js?body=1" for ::1 at 2015-10-14 17:33:40 +1300


Started GET "/privacy" for ::1 at 2015-10-14 17:33:48 +1300
Processing by SiteController#privacy as HTML
  Rendered site/privacy.html.erb within layouts/application (0.3ms)
Completed 200 OK in 22ms (Views: 21.5ms)


Started GET "/assets/application.self-f12f94375def7b350e231de85e23805ea517ef62871e4257fa988f9a4cccc735.css?body=1" for ::1 at 2015-10-14 17:33:48 +1300


Started GET "/assets/jquery_ujs.self-d456baa54c1fa6be2ec3711f0a72ddf7a5b2f34a6b4f515f33767d6207b7d4b3.js?body=1" for ::1 at 2015-10-14 17:33:48 +1300


Started GET "/assets/application.self-377610cd7c1509e934744c810e3b4cf672dfbcacac3274e7d039827e2ae0fcc7.js?body=1" for ::1 at 2015-10-14 17:33:48 +1300


Started GET "/assets/jquery.self-a714331225dda820228db323939889f149aec0127aeb06255646b616ba1ca419.js?body=1" for ::1 at 2015-10-14 17:33:48 +1300


Started GET "/terms" for ::1 at 2015-10-14 17:36:49 +1300
Processing by SiteController#terms as HTML
  Rendered site/terms.html.erb within layouts/application (0.3ms)
Completed 200 OK in 78ms (Views: 78.1ms)


Started GET "/terms" for ::1 at 2015-10-14 17:40:05 +1300
Processing by SiteController#terms as HTML
  Rendered site/terms.html.erb within layouts/application (0.6ms)
Completed 200 OK in 31ms (Views: 31.2ms)


Started GET "/assets/application.self-f12f94375def7b350e231de85e23805ea517ef62871e4257fa988f9a4cccc735.css?body=1" for ::1 at 2015-10-14 17:40:05 +1300


Started GET "/assets/jquery_ujs.self-d456baa54c1fa6be2ec3711f0a72ddf7a5b2f34a6b4f515f33767d6207b7d4b3.js?body=1" for ::1 at 2015-10-14 17:40:05 +1300


Started GET "/assets/application.self-377610cd7c1509e934744c810e3b4cf672dfbcacac3274e7d039827e2ae0fcc7.js?body=1" for ::1 at 2015-10-14 17:40:05 +1300


Started GET "/assets/jquery.self-a714331225dda820228db323939889f149aec0127aeb06255646b616ba1ca419.js?body=1" for ::1 at 2015-10-14 17:40:05 +1300


Started GET "/" for ::1 at 2015-10-14 17:40:10 +1300
Processing by SiteController#index as HTML
  Rendered site/index.html.erb within layouts/application (0.1ms)
Completed 200 OK in 33ms (Views: 33.3ms)


Started GET "/about" for ::1 at 2015-10-14 17:40:12 +1300
Processing by SiteController#about as HTML
  Rendered site/about.html.erb within layouts/application (0.1ms)
Completed 200 OK in 57ms (Views: 56.9ms)


Started GET "/terms" for ::1 at 2015-10-14 17:40:17 +1300
Processing by SiteController#terms as HTML
  Rendered site/terms.html.erb within layouts/application (0.0ms)
Completed 200 OK in 23ms (Views: 22.7ms)


Started GET "/privacy" for ::1 at 2015-10-14 17:40:59 +1300
Processing by SiteController#privacy as HTML
  Rendered site/privacy.html.erb within layouts/application (0.3ms)
Completed 200 OK in 17ms (Views: 16.7ms)


Started GET "/privacy" for ::1 at 2015-10-14 17:41:01 +1300
Processing by SiteController#privacy as HTML
  Rendered site/privacy.html.erb within layouts/application (0.0ms)
Completed 200 OK in 31ms (Views: 31.2ms)


Started GET "/terms" for ::1 at 2015-10-14 17:41:23 +1300
Processing by SiteController#terms as HTML
  Rendered site/terms.html.erb within layouts/application (0.3ms)
Completed 200 OK in 31ms (Views: 30.9ms)


Started GET "/" for ::1 at 2015-10-14 17:41:46 +1300
Processing by SiteController#index as HTML
  Rendered site/index.html.erb within layouts/application (0.0ms)
Completed 200 OK in 20ms (Views: 20.1ms)


Started GET "/" for ::1 at 2015-10-14 18:18:42 +1300
Processing by SiteController#index as HTML
  Rendered site/index.html.erb within layouts/application (0.1ms)
Completed 200 OK in 36ms (Views: 36.1ms)


Started GET "/assets/application.self-b78158e6a7d04828b85a98ef6ce254260c33c79a58a4e1d77a063871da1a1b10.css?body=1" for ::1 at 2015-10-14 18:18:42 +1300


Started GET "/assets/jquery_ujs.self-d456baa54c1fa6be2ec3711f0a72ddf7a5b2f34a6b4f515f33767d6207b7d4b3.js?body=1" for ::1 at 2015-10-14 18:18:42 +1300


Started GET "/assets/application.self-377610cd7c1509e934744c810e3b4cf672dfbcacac3274e7d039827e2ae0fcc7.js?body=1" for ::1 at 2015-10-14 18:18:42 +1300


Started GET "/assets/jquery.self-a714331225dda820228db323939889f149aec0127aeb06255646b616ba1ca419.js?body=1" for ::1 at 2015-10-14 18:18:42 +1300


Started GET "/" for ::1 at 2015-10-14 18:23:01 +1300
Processing by SiteController#index as HTML
  Rendered site/index.html.erb within layouts/application (0.1ms)
Completed 200 OK in 25ms (Views: 24.6ms)


Started GET "/assets/application.self-b78158e6a7d04828b85a98ef6ce254260c33c79a58a4e1d77a063871da1a1b10.css?body=1" for ::1 at 2015-10-14 18:23:01 +1300


Started GET "/assets/jquery_ujs.self-d456baa54c1fa6be2ec3711f0a72ddf7a5b2f34a6b4f515f33767d6207b7d4b3.js?body=1" for ::1 at 2015-10-14 18:23:01 +1300


Started GET "/assets/application.self-377610cd7c1509e934744c810e3b4cf672dfbcacac3274e7d039827e2ae0fcc7.js?body=1" for ::1 at 2015-10-14 18:23:01 +1300


Started GET "/assets/jquery.self-a714331225dda820228db323939889f149aec0127aeb06255646b616ba1ca419.js?body=1" for ::1 at 2015-10-14 18:23:01 +1300


Started GET "/" for ::1 at 2015-10-14 18:23:31 +1300
Processing by SiteController#index as HTML
  Rendered site/index.html.erb within layouts/application (1.5ms)
Completed 200 OK in 278ms (Views: 277.4ms)


Started GET "/assets/jquery.self-a714331225dda820228db323939889f149aec0127aeb06255646b616ba1ca419.js?body=1" for ::1 at 2015-10-14 18:23:31 +1300


Started GET "/assets/application.self-b78158e6a7d04828b85a98ef6ce254260c33c79a58a4e1d77a063871da1a1b10.css?body=1" for ::1 at 2015-10-14 18:23:31 +1300


Started GET "/assets/jquery_ujs.self-d456baa54c1fa6be2ec3711f0a72ddf7a5b2f34a6b4f515f33767d6207b7d4b3.js?body=1" for ::1 at 2015-10-14 18:23:31 +1300


Started GET "/assets/application.self-377610cd7c1509e934744c810e3b4cf672dfbcacac3274e7d039827e2ae0fcc7.js?body=1" for ::1 at 2015-10-14 18:23:31 +1300


Started GET "/about" for ::1 at 2015-10-14 18:23:38 +1300
Processing by SiteController#about as HTML
  Rendered site/about.html.erb within layouts/application (0.4ms)
Completed 200 OK in 79ms (Views: 78.8ms)


Started GET "/" for ::1 at 2015-10-14 18:23:40 +1300
Processing by SiteController#index as HTML
  Rendered site/index.html.erb within layouts/application (0.1ms)
Completed 200 OK in 26ms (Views: 25.5ms)


Started GET "/about" for ::1 at 2015-10-14 18:23:42 +1300
Processing by SiteController#about as HTML
  Rendered site/about.html.erb within layouts/application (0.1ms)
Completed 200 OK in 31ms (Views: 30.3ms)


Started GET "/" for ::1 at 2015-10-14 18:23:43 +1300
Processing by SiteController#index as HTML
  Rendered site/index.html.erb within layouts/application (0.0ms)
Completed 200 OK in 34ms (Views: 33.7ms)


Started GET "/terms" for ::1 at 2015-10-14 18:23:45 +1300
Processing by SiteController#terms as HTML
  Rendered site/terms.html.erb within layouts/application (0.4ms)
Completed 200 OK in 82ms (Views: 81.9ms)


Started GET "/privacy" for ::1 at 2015-10-14 18:23:46 +1300
Processing by SiteController#privacy as HTML
  Rendered site/privacy.html.erb within layouts/application (0.3ms)
Completed 200 OK in 22ms (Views: 22.1ms)


Started GET "/terms" for ::1 at 2015-10-14 18:23:49 +1300
Processing by SiteController#terms as HTML
  Rendered site/terms.html.erb within layouts/application (0.0ms)
Completed 200 OK in 19ms (Views: 18.7ms)


Started GET "/privacy" for ::1 at 2015-10-14 18:23:50 +1300
Processing by SiteController#privacy as HTML
  Rendered site/privacy.html.erb within layouts/application (0.0ms)
Completed 200 OK in 19ms (Views: 18.8ms)


Started GET "/privacy" for ::1 at 2015-10-14 18:25:39 +1300
Processing by SiteController#privacy as HTML
  Rendered site/privacy.html.erb within layouts/application (0.1ms)
Completed 200 OK in 21ms (Views: 20.9ms)


Started GET "/assets/application.self-b78158e6a7d04828b85a98ef6ce254260c33c79a58a4e1d77a063871da1a1b10.css?body=1" for ::1 at 2015-10-14 18:25:39 +1300


Started GET "/assets/jquery.self-a714331225dda820228db323939889f149aec0127aeb06255646b616ba1ca419.js?body=1" for ::1 at 2015-10-14 18:25:39 +1300


Started GET "/assets/jquery_ujs.self-d456baa54c1fa6be2ec3711f0a72ddf7a5b2f34a6b4f515f33767d6207b7d4b3.js?body=1" for ::1 at 2015-10-14 18:25:39 +1300


Started GET "/assets/application.self-377610cd7c1509e934744c810e3b4cf672dfbcacac3274e7d039827e2ae0fcc7.js?body=1" for ::1 at 2015-10-14 18:25:39 +1300


Started GET "/terms" for ::1 at 2015-10-14 18:25:41 +1300
Processing by SiteController#terms as HTML
  Rendered site/terms.html.erb within layouts/application (0.0ms)
Completed 200 OK in 20ms (Views: 19.5ms)


Started GET "/privacy" for ::1 at 2015-10-14 18:25:42 +1300
Processing by SiteController#privacy as HTML
  Rendered site/privacy.html.erb within layouts/application (0.0ms)
Completed 200 OK in 18ms (Views: 17.8ms)


Started GET "/terms" for ::1 at 2015-10-14 18:25:43 +1300
Processing by SiteController#terms as HTML
  Rendered site/terms.html.erb within layouts/application (0.0ms)
Completed 200 OK in 18ms (Views: 17.7ms)


Started GET "/privacy" for ::1 at 2015-10-14 18:25:44 +1300
Processing by SiteController#privacy as HTML
  Rendered site/privacy.html.erb within layouts/application (0.0ms)
Completed 200 OK in 18ms (Views: 17.6ms)


Started GET "/privacy" for ::1 at 2015-10-14 18:27:23 +1300
Processing by SiteController#privacy as HTML
  Rendered site/privacy.html.erb within layouts/application (0.0ms)
Completed 200 OK in 23ms (Views: 22.7ms)


Started GET "/assets/application.self-b78158e6a7d04828b85a98ef6ce254260c33c79a58a4e1d77a063871da1a1b10.css?body=1" for ::1 at 2015-10-14 18:27:24 +1300


Started GET "/assets/jquery.self-a714331225dda820228db323939889f149aec0127aeb06255646b616ba1ca419.js?body=1" for ::1 at 2015-10-14 18:27:24 +1300


Started GET "/assets/jquery_ujs.self-d456baa54c1fa6be2ec3711f0a72ddf7a5b2f34a6b4f515f33767d6207b7d4b3.js?body=1" for ::1 at 2015-10-14 18:27:24 +1300


Started GET "/assets/application.self-377610cd7c1509e934744c810e3b4cf672dfbcacac3274e7d039827e2ae0fcc7.js?body=1" for ::1 at 2015-10-14 18:27:24 +1300


Started GET "/terms" for ::1 at 2015-10-14 18:27:26 +1300
Processing by SiteController#terms as HTML
  Rendered site/terms.html.erb within layouts/application (0.1ms)
Completed 200 OK in 22ms (Views: 21.6ms)


Started GET "/privacy" for ::1 at 2015-10-14 18:27:27 +1300
Processing by SiteController#privacy as HTML
  Rendered site/privacy.html.erb within layouts/application (0.1ms)
Completed 200 OK in 17ms (Views: 17.3ms)


Started GET "/terms" for ::1 at 2015-10-14 18:27:28 +1300
Processing by SiteController#terms as HTML
  Rendered site/terms.html.erb within layouts/application (0.0ms)
Completed 200 OK in 18ms (Views: 17.7ms)


Started GET "/terms" for ::1 at 2015-10-14 18:29:04 +1300
Processing by SiteController#terms as HTML
  Rendered site/terms.html.erb within layouts/application (0.0ms)
Completed 200 OK in 37ms (Views: 36.5ms)


Started GET "/assets/application.self-500a4599d1c73c9cb0407dda80ca3acc0d241b1c23e773abe126f4a71ce66309.css?body=1" for ::1 at 2015-10-14 18:29:04 +1300


Started GET "/assets/jquery.self-a714331225dda820228db323939889f149aec0127aeb06255646b616ba1ca419.js?body=1" for ::1 at 2015-10-14 18:29:04 +1300


Started GET "/assets/application.self-377610cd7c1509e934744c810e3b4cf672dfbcacac3274e7d039827e2ae0fcc7.js?body=1" for ::1 at 2015-10-14 18:29:04 +1300


Started GET "/assets/jquery_ujs.self-d456baa54c1fa6be2ec3711f0a72ddf7a5b2f34a6b4f515f33767d6207b7d4b3.js?body=1" for ::1 at 2015-10-14 18:29:04 +1300


Started GET "/privacy" for ::1 at 2015-10-14 18:29:07 +1300
Processing by SiteController#privacy as HTML
  Rendered site/privacy.html.erb within layouts/application (0.0ms)
Completed 200 OK in 19ms (Views: 19.1ms)


Started GET "/terms" for ::1 at 2015-10-14 18:29:08 +1300
Processing by SiteController#terms as HTML
  Rendered site/terms.html.erb within layouts/application (0.1ms)
Completed 200 OK in 19ms (Views: 19.0ms)


Started GET "/privacy" for ::1 at 2015-10-14 18:29:09 +1300
Processing by SiteController#privacy as HTML
  Rendered site/privacy.html.erb within layouts/application (0.0ms)
Completed 200 OK in 27ms (Views: 27.3ms)


Started GET "/terms" for ::1 at 2015-10-14 18:29:09 +1300
Processing by SiteController#terms as HTML
  Rendered site/terms.html.erb within layouts/application (0.0ms)
Completed 200 OK in 25ms (Views: 24.8ms)


Started GET "/privacy" for ::1 at 2015-10-14 18:29:10 +1300
Processing by SiteController#privacy as HTML
  Rendered site/privacy.html.erb within layouts/application (0.1ms)
Completed 200 OK in 24ms (Views: 24.1ms)


Started GET "/terms" for ::1 at 2015-10-14 18:29:10 +1300
Processing by SiteController#terms as HTML
  Rendered site/terms.html.erb within layouts/application (0.0ms)
Completed 200 OK in 19ms (Views: 19.2ms)


Started GET "/privacy" for ::1 at 2015-10-14 18:29:11 +1300
Processing by SiteController#privacy as HTML
  Rendered site/privacy.html.erb within layouts/application (0.1ms)
Completed 200 OK in 29ms (Views: 29.1ms)


Started GET "/terms" for ::1 at 2015-10-14 18:29:11 +1300
Processing by SiteController#terms as HTML
  Rendered site/terms.html.erb within layouts/application (0.0ms)
Completed 200 OK in 19ms (Views: 18.9ms)


Started GET "/terms" for ::1 at 2015-10-14 18:30:52 +1300
Processing by SiteController#terms as HTML
  Rendered site/terms.html.erb within layouts/application (0.0ms)
Completed 200 OK in 40ms (Views: 39.6ms)


Started GET "/assets/application.self-a986eaea5d7fffd758cf7bea1e32aa12673337f515e7002050f12f39f0056692.css?body=1" for ::1 at 2015-10-14 18:30:52 +1300


Started GET "/assets/jquery_ujs.self-d456baa54c1fa6be2ec3711f0a72ddf7a5b2f34a6b4f515f33767d6207b7d4b3.js?body=1" for ::1 at 2015-10-14 18:30:52 +1300


Started GET "/assets/jquery.self-a714331225dda820228db323939889f149aec0127aeb06255646b616ba1ca419.js?body=1" for ::1 at 2015-10-14 18:30:52 +1300


Started GET "/assets/application.self-377610cd7c1509e934744c810e3b4cf672dfbcacac3274e7d039827e2ae0fcc7.js?body=1" for ::1 at 2015-10-14 18:30:52 +1300


Started GET "/privacy" for ::1 at 2015-10-14 18:30:57 +1300
Processing by SiteController#privacy as HTML
  Rendered site/privacy.html.erb within layouts/application (0.1ms)
Completed 200 OK in 19ms (Views: 19.0ms)


Started GET "/terms" for ::1 at 2015-10-14 18:30:57 +1300
Processing by SiteController#terms as HTML
  Rendered site/terms.html.erb within layouts/application (0.1ms)
Completed 200 OK in 18ms (Views: 17.7ms)


Started GET "/privacy" for ::1 at 2015-10-14 18:30:58 +1300
Processing by SiteController#privacy as HTML
  Rendered site/privacy.html.erb within layouts/application (0.0ms)
Completed 200 OK in 16ms (Views: 16.4ms)


Started GET "/terms" for ::1 at 2015-10-14 18:30:59 +1300
Processing by SiteController#terms as HTML
  Rendered site/terms.html.erb within layouts/application (0.0ms)
Completed 200 OK in 17ms (Views: 17.2ms)


Started GET "/privacy" for ::1 at 2015-10-14 18:30:59 +1300
Processing by SiteController#privacy as HTML
  Rendered site/privacy.html.erb within layouts/application (0.0ms)
Completed 200 OK in 17ms (Views: 17.0ms)


Started GET "/terms" for ::1 at 2015-10-14 18:31:00 +1300
Processing by SiteController#terms as HTML
  Rendered site/terms.html.erb within layouts/application (0.0ms)
Completed 200 OK in 16ms (Views: 16.3ms)


Started GET "/terms" for ::1 at 2015-10-14 18:31:11 +1300
Processing by SiteController#terms as HTML
  Rendered site/terms.html.erb within layouts/application (0.1ms)
Completed 200 OK in 61ms (Views: 60.9ms)


Started GET "/assets/application.self-2d6e75112f46714395f81fdb1e855f60ee0b53eb1d0270d7ba98611064cc0116.css?body=1" for ::1 at 2015-10-14 18:31:11 +1300


Started GET "/assets/jquery_ujs.self-d456baa54c1fa6be2ec3711f0a72ddf7a5b2f34a6b4f515f33767d6207b7d4b3.js?body=1" for ::1 at 2015-10-14 18:31:11 +1300


Started GET "/assets/application.self-377610cd7c1509e934744c810e3b4cf672dfbcacac3274e7d039827e2ae0fcc7.js?body=1" for ::1 at 2015-10-14 18:31:11 +1300


Started GET "/assets/jquery.self-a714331225dda820228db323939889f149aec0127aeb06255646b616ba1ca419.js?body=1" for ::1 at 2015-10-14 18:31:11 +1300


Started GET "/terms" for ::1 at 2015-10-14 18:31:21 +1300
Processing by SiteController#terms as HTML
  Rendered site/terms.html.erb within layouts/application (0.1ms)
Completed 200 OK in 43ms (Views: 42.5ms)


Started GET "/assets/application.self-500a4599d1c73c9cb0407dda80ca3acc0d241b1c23e773abe126f4a71ce66309.css?body=1" for ::1 at 2015-10-14 18:31:21 +1300


Started GET "/assets/jquery_ujs.self-d456baa54c1fa6be2ec3711f0a72ddf7a5b2f34a6b4f515f33767d6207b7d4b3.js?body=1" for ::1 at 2015-10-14 18:31:21 +1300


Started GET "/assets/jquery.self-a714331225dda820228db323939889f149aec0127aeb06255646b616ba1ca419.js?body=1" for ::1 at 2015-10-14 18:31:21 +1300


Started GET "/assets/application.self-377610cd7c1509e934744c810e3b4cf672dfbcacac3274e7d039827e2ae0fcc7.js?body=1" for ::1 at 2015-10-14 18:31:21 +1300


Started GET "/terms" for ::1 at 2015-10-14 18:31:45 +1300
Processing by SiteController#terms as HTML
  Rendered site/terms.html.erb within layouts/application (0.1ms)
Completed 200 OK in 48ms (Views: 48.1ms)


Started GET "/assets/application.self-12ab86bdc0b22b93987106ab36ed6a85aeb84f1419802d83d5757c5bf6fdc361.css?body=1" for ::1 at 2015-10-14 18:31:45 +1300


Started GET "/assets/jquery.self-a714331225dda820228db323939889f149aec0127aeb06255646b616ba1ca419.js?body=1" for ::1 at 2015-10-14 18:31:45 +1300


Started GET "/assets/jquery_ujs.self-d456baa54c1fa6be2ec3711f0a72ddf7a5b2f34a6b4f515f33767d6207b7d4b3.js?body=1" for ::1 at 2015-10-14 18:31:45 +1300


Started GET "/assets/application.self-377610cd7c1509e934744c810e3b4cf672dfbcacac3274e7d039827e2ae0fcc7.js?body=1" for ::1 at 2015-10-14 18:31:45 +1300


Started GET "/privacy" for ::1 at 2015-10-14 18:31:50 +1300
Processing by SiteController#privacy as HTML
  Rendered site/privacy.html.erb within layouts/application (0.0ms)
Completed 200 OK in 19ms (Views: 18.6ms)


Started GET "/terms" for ::1 at 2015-10-14 18:31:51 +1300
Processing by SiteController#terms as HTML
  Rendered site/terms.html.erb within layouts/application (0.1ms)
Completed 200 OK in 22ms (Views: 21.4ms)


Started GET "/privacy" for ::1 at 2015-10-14 18:31:53 +1300
Processing by SiteController#privacy as HTML
  Rendered site/privacy.html.erb within layouts/application (0.0ms)
Completed 200 OK in 20ms (Views: 19.7ms)
